#
# There is insufficient memory for the Java Runtime Environment to continue.
# Native memory allocation (malloc) failed to allocate 32744 bytes for ChunkPool::allocate
# Possible reasons:
#   The system is out of physical RAM or swap space
#   In 32 bit mode, the process size limit was hit
# Possible solutions:
#   Reduce memory load on the system
#   Increase physical memory or swap space
#   Check if swap backing store is full
#   Use 64 bit Java on a 64 bit OS
#   Decrease Java heap size (-Xmx/-Xms)
#   Decrease number of Java threads
#   Decrease Java thread stack sizes (-Xss)
#   Set larger code cache with -XX:ReservedCodeCacheSize=
# This output file may be truncated or incomplete.
#
#  Out of Memory Error (allocation.cpp:273), pid=3232, tid=7228
#
# JRE version: Java(TM) SE Runtime Environment (8.0_91-b14) (build 1.8.0_91-b14)
# Java VM: Java HotSpot(TM) 64-Bit Server VM (25.91-b14 mixed mode windows-amd64 compressed oops)
# Failed to write core dump. Minidumps are not enabled by default on client versions of Windows
#

---------------  T H R E A D  ---------------

Current thread (0x00000000575ef000):  JavaThread "C2 CompilerThread0" daemon [_thread_in_native, id=7228, stack(0x00000000578b0000,0x00000000579b0000)]

Stack: [0x00000000578b0000,0x00000000579b0000]
[error occurred during error reporting (printing stack bounds), id 0xc0000005]

Native frames: (J=compiled Java code, j=interpreted, Vv=VM code, C=native code)


Current CompileTask:
C2:   6523 1257 %     4       org.aspectj.apache.bcel.generic.MethodGen::<init> @ 616 (925 bytes)


---------------  P R O C E S S  ---------------

Java Threads: ( => current thread )
  0x00000000575f0000 JavaThread "Service Thread" daemon [_thread_blocked, id=5584, stack(0x0000000057bd0000,0x0000000057cd0000)]
  0x000000005764f000 JavaThread "C1 CompilerThread1" daemon [_thread_in_native, id=4244, stack(0x00000000579e0000,0x0000000057ae0000)]
=>0x00000000575ef000 JavaThread "C2 CompilerThread0" daemon [_thread_in_native, id=7228, stack(0x00000000578b0000,0x00000000579b0000)]
  0x0000000054e54800 JavaThread "JDWP Command Reader" daemon [_thread_in_native, id=7248, stack(0x0000000057220000,0x0000000057320000)]
  0x0000000054e4f000 JavaThread "JDWP Event Helper Thread" daemon [_thread_blocked, id=6236, stack(0x00000000562c0000,0x00000000563c0000)]
  0x0000000054e48800 JavaThread "JDWP Transport Listener: dt_socket" daemon [_thread_blocked, id=1916, stack(0x00000000564f0000,0x00000000565f0000)]
  0x0000000054e34000 JavaThread "Attach Listener" daemon [_thread_blocked, id=4580, stack(0x0000000055fc0000,0x00000000560c0000)]
  0x0000000054e3a000 JavaThread "Signal Dispatcher" daemon [_thread_blocked, id=7896, stack(0x0000000055d30000,0x0000000055e30000)]
  0x0000000054e14800 JavaThread "Finalizer" daemon [_thread_blocked, id=6264, stack(0x0000000055b60000,0x0000000055c60000)]
  0x0000000054dcb800 JavaThread "Reference Handler" daemon [_thread_blocked, id=8012, stack(0x00000000559b0000,0x0000000055ab0000)]
  0x0000000001f45800 JavaThread "main" [_thread_blocked, id=6180, stack(0x00000000023a0000,0x00000000024a0000)]

Other Threads:
  0x0000000054dc3000 VMThread [stack: 0x0000000055780000,0x0000000055880000] [id=4988]
  0x0000000057603800 WatcherThread [stack: 0x0000000058560000,0x0000000058660000] [id=6588]

VM state:at safepoint (normal execution)

VM Mutex/Monitor currently owned by a thread:  ([mutex/lock_event])
[0x0000000001f43260] Threads_lock - owner thread: 0x0000000054dc3000

Heap:
 PSYoungGen      total 35328K, used 9741K [0x00000000eab00000, 0x00000000ef000000, 0x0000000100000000)
  eden space 32768K, 21% used [0x00000000eab00000,0x00000000eb207610,0x00000000ecb00000)
  from space 2560K, 99% used [0x00000000ecb00000,0x00000000ecd7c010,0x00000000ecd80000)
  to   space 2560K, 0% used [0x00000000eed80000,0x00000000eed80000,0x00000000ef000000)
 ParOldGen       total 44032K, used 5508K [0x00000000c0000000, 0x00000000c2b00000, 0x00000000eab00000)
  object space 44032K, 12% used [0x00000000c0000000,0x00000000c0561060,0x00000000c2b00000)
 Metaspace       used 10905K, capacity 10998K, committed 11264K, reserved 1058816K
  class space    used 1120K, capacity 1169K, committed 1280K, reserved 1048576K

Card table byte_map: [0x0000000011d00000,0x0000000011f10000] byte_map_base: 0x0000000011700000

Marking Bits: (ParMarkBitMap*) 0x0000000056ea2f70
 Begin Bits: [0x0000000012290000, 0x0000000013290000)
 End Bits:   [0x0000000013290000, 0x0000000014290000)

Polling page: 0x0000000000130000

CodeCache: size=245760Kb used=5593Kb max_used=5595Kb free=240166Kb
 bounds [0x0000000002940000, 0x0000000002ec0000, 0x0000000011940000]
 total_blobs=1574 nmethods=1263 adapters=231
 compilation: enabled

Compilation events (10 events):
Event: 5.687 Thread 0x000000005764f000 1255       3       org.aspectj.weaver.ReferenceType::isAssignableFrom (850 bytes)
Event: 5.693 Thread 0x000000005764f000 nmethod 1255 0x0000000002eacd10 code [0x0000000002ead560, 0x0000000002eb3748]
Event: 5.693 Thread 0x00000000575ef000 nmethod 1253 0x0000000002e9a710 code [0x0000000002e9a860, 0x0000000002e9a908]
Event: 5.693 Thread 0x000000005764f000 1256       3       org.aspectj.apache.bcel.util.ClassLoaderRepository$SoftHashMap::get (63 bytes)
Event: 5.693 Thread 0x00000000575ef000 1260       4       org.aspectj.apache.bcel.generic.InstructionList::findHandle (91 bytes)
Event: 5.693 Thread 0x000000005764f000 nmethod 1256 0x0000000002ea9f90 code [0x0000000002eaa160, 0x0000000002eaa9f8]
Event: 5.696 Thread 0x00000000575ef000 nmethod 1260 0x0000000002ea8490 code [0x0000000002ea85e0, 0x0000000002ea8838]
Event: 5.696 Thread 0x00000000575ef000 1258 %     4       org.aspectj.weaver.bcel.LazyMethodGen::ensureAllLineNumberSetup @ 12 (92 bytes)
Event: 5.718 Thread 0x00000000575ef000 nmethod 1258% 0x0000000002eba990 code [0x0000000002ebaba0, 0x0000000002ebbab8]
Event: 5.718 Thread 0x00000000575ef000 1257 %     4       org.aspectj.apache.bcel.generic.MethodGen::<init> @ 616 (925 bytes)

GC Heap History (6 events):
Event: 2.381 GC heap before
{Heap before GC invocations=1 (full 0):
 PSYoungGen      total 18944K, used 16384K [0x00000000eab00000, 0x00000000ec000000, 0x0000000100000000)
  eden space 16384K, 100% used [0x00000000eab00000,0x00000000ebb00000,0x00000000ebb00000)
  from space 2560K, 0% used [0x00000000ebd80000,0x00000000ebd80000,0x00000000ec000000)
  to   space 2560K, 0% used [0x00000000ebb00000,0x00000000ebb00000,0x00000000ebd80000)
 ParOldGen       total 44032K, used 0K [0x00000000c0000000, 0x00000000c2b00000, 0x00000000eab00000)
  object space 44032K, 0% used [0x00000000c0000000,0x00000000c0000000,0x00000000c2b00000)
 Metaspace       used 5988K, capacity 6272K, committed 6400K, reserved 1056768K
  class space    used 658K, capacity 688K, committed 768K, reserved 1048576K
Event: 2.438 GC heap after
Heap after GC invocations=1 (full 0):
 PSYoungGen      total 18944K, used 2558K [0x00000000eab00000, 0x00000000ed000000, 0x0000000100000000)
  eden space 16384K, 0% used [0x00000000eab00000,0x00000000eab00000,0x00000000ebb00000)
  from space 2560K, 99% used [0x00000000ebb00000,0x00000000ebd7f9e8,0x00000000ebd80000)
  to   space 2560K, 0% used [0x00000000ecd80000,0x00000000ecd80000,0x00000000ed000000)
 ParOldGen       total 44032K, used 216K [0x00000000c0000000, 0x00000000c2b00000, 0x00000000eab00000)
  object space 44032K, 0% used [0x00000000c0000000,0x00000000c00360f8,0x00000000c2b00000)
 Metaspace       used 5988K, capacity 6272K, committed 6400K, reserved 1056768K
  class space    used 658K, capacity 688K, committed 768K, reserved 1048576K
}
Event: 3.190 GC heap before
{Heap before GC invocations=2 (full 0):
 PSYoungGen      total 18944K, used 18942K [0x00000000eab00000, 0x00000000ed000000, 0x0000000100000000)
  eden space 16384K, 100% used [0x00000000eab00000,0x00000000ebb00000,0x00000000ebb00000)
  from space 2560K, 99% used [0x00000000ebb00000,0x00000000ebd7f9e8,0x00000000ebd80000)
  to   space 2560K, 0% used [0x00000000ecd80000,0x00000000ecd80000,0x00000000ed000000)
 ParOldGen       total 44032K, used 216K [0x00000000c0000000, 0x00000000c2b00000, 0x00000000eab00000)
  object space 44032K, 0% used [0x00000000c0000000,0x00000000c00360f8,0x00000000c2b00000)
 Metaspace       used 8453K, capacity 8496K, committed 8704K, reserved 1056768K
  class space    used 883K, capacity 912K, committed 1024K, reserved 1048576K
Event: 3.198 GC heap after
Heap after GC invocations=2 (full 0):
 PSYoungGen      total 35328K, used 2530K [0x00000000eab00000, 0x00000000ed000000, 0x0000000100000000)
  eden space 32768K, 0% used [0x00000000eab00000,0x00000000eab00000,0x00000000ecb00000)
  from space 2560K, 98% used [0x00000000ecd80000,0x00000000ecff8800,0x00000000ed000000)
  to   space 2560K, 0% used [0x00000000ecb00000,0x00000000ecb00000,0x00000000ecd80000)
 ParOldGen       total 44032K, used 1782K [0x00000000c0000000, 0x00000000c2b00000, 0x00000000eab00000)
  object space 44032K, 4% used [0x00000000c0000000,0x00000000c01bdbf0,0x00000000c2b00000)
 Metaspace       used 8453K, capacity 8496K, committed 8704K, reserved 1056768K
  class space    used 883K, capacity 912K, committed 1024K, reserved 1048576K
}
Event: 4.525 GC heap before
{Heap before GC invocations=3 (full 0):
 PSYoungGen      total 35328K, used 35298K [0x00000000eab00000, 0x00000000ed000000, 0x0000000100000000)
  eden space 32768K, 100% used [0x00000000eab00000,0x00000000ecb00000,0x00000000ecb00000)
  from space 2560K, 98% used [0x00000000ecd80000,0x00000000ecff8800,0x00000000ed000000)
  to   space 2560K, 0% used [0x00000000ecb00000,0x00000000ecb00000,0x00000000ecd80000)
 ParOldGen       total 44032K, used 1782K [0x00000000c0000000, 0x00000000c2b00000, 0x00000000eab00000)
  object space 44032K, 4% used [0x00000000c0000000,0x00000000c01bdbf0,0x00000000c2b00000)
 Metaspace       used 10159K, capacity 10262K, committed 10624K, reserved 1058816K
  class space    used 1043K, capacity 1073K, committed 1152K, reserved 1048576K
Event: 4.539 GC heap after
Heap after GC invocations=3 (full 0):
 PSYoungGen      total 35328K, used 2544K [0x00000000eab00000, 0x00000000ef000000, 0x0000000100000000)
  eden space 32768K, 0% used [0x00000000eab00000,0x00000000eab00000,0x00000000ecb00000)
  from space 2560K, 99% used [0x00000000ecb00000,0x00000000ecd7c010,0x00000000ecd80000)
  to   space 2560K, 0% used [0x00000000eed80000,0x00000000eed80000,0x00000000ef000000)
 ParOldGen       total 44032K, used 5508K [0x00000000c0000000, 0x00000000c2b00000, 0x00000000eab00000)
  object space 44032K, 12% used [0x00000000c0000000,0x00000000c0561060,0x00000000c2b00000)
 Metaspace       used 10159K, capacity 10262K, committed 10624K, reserved 1058816K
  class space    used 1043K, capacity 1073K, committed 1152K, reserved 1048576K
}

Deoptimization events (10 events):
Event: 4.468 Thread 0x0000000001f45800 Uncommon trap: reason=null_check action=make_not_entrant pc=0x0000000002a4287c method=java.lang.String.equals(Ljava/lang/Object;)Z @ 8
Event: 4.539 Thread 0x0000000001f45800 Uncommon trap: reason=null_check action=make_not_entrant pc=0x0000000002e1f550 method=org.aspectj.weaver.World$TypeMap.get(Ljava/lang/String;)Lorg/aspectj/weaver/ResolvedType; @ 52
Event: 4.733 Thread 0x0000000001f45800 Uncommon trap: reason=class_check action=maybe_recompile pc=0x0000000002be64c0 method=java.util.HashSet.add(Ljava/lang/Object;)Z @ 8
Event: 4.733 Thread 0x0000000001f45800 Uncommon trap: reason=class_check action=maybe_recompile pc=0x0000000002be64c0 method=java.util.HashSet.add(Ljava/lang/Object;)Z @ 8
Event: 4.733 Thread 0x0000000001f45800 Uncommon trap: reason=class_check action=maybe_recompile pc=0x0000000002be64c0 method=java.util.HashSet.add(Ljava/lang/Object;)Z @ 8
Event: 4.733 Thread 0x0000000001f45800 Uncommon trap: reason=class_check action=maybe_recompile pc=0x0000000002be64c0 method=java.util.HashSet.add(Ljava/lang/Object;)Z @ 8
Event: 5.085 Thread 0x0000000001f45800 Uncommon trap: reason=unstable_if action=reinterpret pc=0x0000000002a700fc method=sun.nio.cs.UTF_8$Encoder.encode([CII[B)I @ 33
Event: 5.087 Thread 0x0000000001f45800 Uncommon trap: reason=unstable_if action=reinterpret pc=0x0000000002b178fc method=java.io.WinNTFileSystem.normalize(Ljava/lang/String;)Ljava/lang/String; @ 128
Event: 5.438 Thread 0x0000000001f45800 Uncommon trap: reason=unstable_if action=reinterpret pc=0x0000000002b1fd64 method=sun.net.www.ParseUtil.encodePath(Ljava/lang/String;Z)Ljava/lang/String; @ 81
Event: 5.439 Thread 0x0000000001f45800 Uncommon trap: reason=unloaded action=reinterpret pc=0x0000000002b9a8f8 method=sun.misc.URLClassPath$FileLoader.getResource(Ljava/lang/String;Z)Lsun/misc/Resource; @ 142

Internal exceptions (10 events):
Event: 2.854 Thread 0x0000000001f45800 Exception <a 'java/lang/ArrayIndexOutOfBoundsException'> (0x00000000eb422150) thrown at [C:\re\workspace\8-2-build-windows-amd64-cygwin\jdk8u91\6644\hotspot\src\share\vm\runtime\sharedRuntime.cpp, line 605]
Event: 2.855 Thread 0x0000000001f45800 Exception <a 'java/lang/ArrayIndexOutOfBoundsException'> (0x00000000eb422570) thrown at [C:\re\workspace\8-2-build-windows-amd64-cygwin\jdk8u91\6644\hotspot\src\share\vm\runtime\sharedRuntime.cpp, line 605]
Event: 2.855 Thread 0x0000000001f45800 Exception <a 'java/lang/ArrayIndexOutOfBoundsException': 15> (0x00000000eb422990) thrown at [C:\re\workspace\8-2-build-windows-amd64-cygwin\jdk8u91\6644\hotspot\src\share\vm\interpreter\interpreterRuntime.cpp, line 366]
Event: 2.855 Thread 0x0000000001f45800 Exception <a 'java/lang/ArrayIndexOutOfBoundsException'> (0x00000000eb4238f8) thrown at [C:\re\workspace\8-2-build-windows-amd64-cygwin\jdk8u91\6644\hotspot\src\share\vm\runtime\sharedRuntime.cpp, line 605]
Event: 2.855 Thread 0x0000000001f45800 Exception <a 'java/lang/ArrayIndexOutOfBoundsException'> (0x00000000eb423d18) thrown at [C:\re\workspace\8-2-build-windows-amd64-cygwin\jdk8u91\6644\hotspot\src\share\vm\runtime\sharedRuntime.cpp, line 605]
Event: 2.855 Thread 0x0000000001f45800 Exception <a 'java/lang/ArrayIndexOutOfBoundsException': 5> (0x00000000eb424138) thrown at [C:\re\workspace\8-2-build-windows-amd64-cygwin\jdk8u91\6644\hotspot\src\share\vm\interpreter\interpreterRuntime.cpp, line 366]
Event: 3.994 Thread 0x0000000001f45800 Exception <a 'java/lang/ArrayIndexOutOfBoundsException'> (0x00000000ec3c8b58) thrown at [C:\re\workspace\8-2-build-windows-amd64-cygwin\jdk8u91\6644\hotspot\src\share\vm\runtime\sharedRuntime.cpp, line 605]
Event: 3.995 Thread 0x0000000001f45800 Exception <a 'java/lang/ArrayIndexOutOfBoundsException'> (0x00000000ec3ca6e0) thrown at [C:\re\workspace\8-2-build-windows-amd64-cygwin\jdk8u91\6644\hotspot\src\share\vm\runtime\sharedRuntime.cpp, line 605]
Event: 4.468 Thread 0x0000000001f45800 Implicit null exception at 0x0000000002a42604 to 0x0000000002a42871
Event: 4.539 Thread 0x0000000001f45800 Implicit null exception at 0x0000000002e183f6 to 0x0000000002e1f531

Events (10 events):
Event: 5.669 Thread 0x0000000001f45800 DEOPT PACKING pc=0x0000000002aa59d4 sp=0x000000000249ba90
Event: 5.669 Thread 0x0000000001f45800 DEOPT UNPACKING pc=0x000000000298787f sp=0x000000000249b8b0 mode 1
Event: 5.686 Executing VM operation: EnableBiasedLocking
Event: 5.686 Executing VM operation: EnableBiasedLocking done
Event: 5.692 loading class org/testng/ISuiteListener
Event: 5.692 loading class org/testng/ISuiteListener done
Event: 5.692 Thread 0x0000000001f45800 DEOPT PACKING pc=0x0000000002af1d71 sp=0x00000000024992b0
Event: 5.692 Thread 0x0000000001f45800 DEOPT UNPACKING pc=0x000000000298787f sp=0x0000000002499000 mode 1
Event: 5.693 Executing VM operation: RevokeBias
Event: 5.693 Executing VM operation: RevokeBias done


Dynamic libraries:
0x000000013fc50000 - 0x000000013fc87000 	C:\Program Files\Java\jdk1.8.0_91\bin\java.exe
0x00000000770e0000 - 0x000000007728a000 	C:\Windows\SYSTEM32\ntdll.dll
0x0000000076ec0000 - 0x0000000076fdf000 	C:\Windows\system32\kernel32.dll
0x000007fefcf70000 - 0x000007fefcfda000 	C:\Windows\system32\KERNELBASE.dll
0x000007fefe480000 - 0x000007fefe55b000 	C:\Windows\system32\ADVAPI32.dll
0x000007fefe5f0000 - 0x000007fefe68f000 	C:\Windows\system32\msvcrt.dll
0x000007fefe5d0000 - 0x000007fefe5ef000 	C:\Windows\SYSTEM32\sechost.dll
0x000007fefd370000 - 0x000007fefd49d000 	C:\Windows\system32\RPCRT4.dll
0x0000000076fe0000 - 0x00000000770da000 	C:\Windows\system32\USER32.dll
0x000007fefe560000 - 0x000007fefe5c7000 	C:\Windows\system32\GDI32.dll
0x000007fefe870000 - 0x000007fefe87e000 	C:\Windows\system32\LPK.dll
0x000007fefe8d0000 - 0x000007fefe99a000 	C:\Windows\system32\USP10.dll
0x000007fefb2b0000 - 0x000007fefb4a4000 	C:\Windows\WinSxS\amd64_microsoft.windows.common-controls_6595b64144ccf1df_6.0.7601.18837_none_fa3b1e3d17594757\COMCTL32.dll
0x000007fefe360000 - 0x000007fefe3d1000 	C:\Windows\system32\SHLWAPI.dll
0x000007fefe2d0000 - 0x000007fefe2fe000 	C:\Windows\system32\IMM32.DLL
0x000007fefebc0000 - 0x000007fefecc9000 	C:\Windows\system32\MSCTF.dll
0x000007fefcd60000 - 0x000007fefcd85000 	C:\Windows\system32\vmwsci.dll
0x00000000772b0000 - 0x00000000772b7000 	C:\Windows\system32\PSAPI.DLL
0x0000000063fa0000 - 0x0000000064072000 	C:\Program Files\Java\jdk1.8.0_91\jre\bin\msvcr100.dll
0x0000000056690000 - 0x0000000056f23000 	C:\Program Files\Java\jdk1.8.0_91\jre\bin\server\jvm.dll
0x000007fefa050000 - 0x000007fefa059000 	C:\Windows\system32\WSOCK32.dll
0x000007fefe880000 - 0x000007fefe8cd000 	C:\Windows\system32\WS2_32.dll
0x000007fefe9a0000 - 0x000007fefe9a8000 	C:\Windows\system32\NSI.dll
0x000007fefa8e0000 - 0x000007fefa91b000 	C:\Windows\system32\WINMM.dll
0x000007fefc0b0000 - 0x000007fefc0bc000 	C:\Windows\system32\VERSION.dll
0x0000000070500000 - 0x000000007050f000 	C:\Program Files\Java\jdk1.8.0_91\jre\bin\verify.dll
0x0000000070210000 - 0x0000000070239000 	C:\Program Files\Java\jdk1.8.0_91\jre\bin\java.dll
0x0000000064150000 - 0x0000000064185000 	C:\Program Files\Java\jdk1.8.0_91\jre\bin\jdwp.dll
0x00000000703c0000 - 0x00000000703c8000 	C:\Program Files\Java\jdk1.8.0_91\jre\bin\npt.dll
0x0000000063d40000 - 0x0000000063d63000 	C:\Program Files\Java\jdk1.8.0_91\jre\bin\instrument.dll
0x00000000701f0000 - 0x0000000070206000 	C:\Program Files\Java\jdk1.8.0_91\jre\bin\zip.dll
0x000007fefd4a0000 - 0x000007fefe229000 	C:\Windows\system32\SHELL32.dll
0x000007fefe9b0000 - 0x000007fefebb3000 	C:\Windows\system32\ole32.dll
0x000007fefce30000 - 0x000007fefce3f000 	C:\Windows\system32\profapi.dll
0x0000000070120000 - 0x0000000070129000 	C:\Program Files\Java\jdk1.8.0_91\jre\bin\dt_socket.dll
0x000007fefbac0000 - 0x000007fefbcc1000 	C:\Program Files (x86)\Forefront TMG Client\FwcWsp64.dll
0x000007fefce80000 - 0x000007fefcebb000 	C:\Windows\system32\WINTRUST.dll
0x000007fefd000000 - 0x000007fefd16d000 	C:\Windows\system32\CRYPT32.dll
0x000007fefce20000 - 0x000007fefce2f000 	C:\Windows\system32\MSASN1.dll
0x000007fefbaa0000 - 0x000007fefbab6000 	C:\Windows\system32\NETAPI32.dll
0x000007fefbf40000 - 0x000007fefbf4c000 	C:\Windows\system32\netutils.dll
0x000007fefc800000 - 0x000007fefc823000 	C:\Windows\system32\srvcli.dll
0x000007fefba80000 - 0x000007fefba95000 	C:\Windows\system32\wkscli.dll
0x000007fefba70000 - 0x000007fefba7c000 	C:\Windows\system32\DSROLE.DLL
0x000007fefb940000 - 0x000007fefba65000 	C:\Windows\system32\DBGHELP.DLL
0x000007fefc590000 - 0x000007fefc5e5000 	C:\Windows\system32\mswsock.dll
0x0000000074ba0000 - 0x0000000074ba3000 	C:\Windows\system32\security.dll
0x000007fefc930000 - 0x000007fefc93b000 	C:\Windows\system32\SECUR32.DLL
0x000007fefcbb0000 - 0x000007fefcbd5000 	C:\Windows\system32\SSPICLI.DLL
0x000007fefbf00000 - 0x000007fefbf0a000 	C:\Windows\system32\credssp.dll
0x000007fefc520000 - 0x000007fefc572000 	C:\Windows\system32\msv1_0.DLL
0x000007fefc910000 - 0x000007fefc924000 	C:\Windows\system32\cryptdll.dll
0x000007fefb920000 - 0x000007fefb927000 	C:\Windows\System32\wshtcpip.dll
0x000000006fea0000 - 0x000000006feba000 	C:\Program Files\Java\jdk1.8.0_91\jre\bin\net.dll
0x000007fefc580000 - 0x000007fefc587000 	C:\Windows\System32\wship6.dll
0x000007fefc5f0000 - 0x000007fefc608000 	C:\Windows\system32\CRYPTSP.dll
0x000007fefc2f0000 - 0x000007fefc337000 	C:\Windows\system32\rsaenh.dll
0x000007fefd1c0000 - 0x000007fefd1de000 	C:\Windows\system32\USERENV.dll
0x000007fefcc50000 - 0x000007fefcc5f000 	C:\Windows\system32\CRYPTBASE.dll
0x000007fefa8b0000 - 0x000007fefa8d7000 	C:\Windows\system32\IPHLPAPI.DLL
0x000007fefa8a0000 - 0x000007fefa8ab000 	C:\Windows\system32\WINNSI.DLL
0x000007fefa4d0000 - 0x000007fefa4e1000 	C:\Windows\system32\dhcpcsvc6.DLL
0x000007fefa4b0000 - 0x000007fefa4c8000 	C:\Windows\system32\dhcpcsvc.DLL
0x000000006fdf0000 - 0x000000006fe01000 	C:\Program Files\Java\jdk1.8.0_91\jre\bin\nio.dll

VM Arguments:
jvm_args: -agentlib:jdwp=transport=dt_socket,address=127.0.0.1:52792,suspend=y,server=n -Dbell.browser=chrome -Dbell.retryCount=0 -Dbell.handleAlertWhenOpenUrl=accept -Dselenide.timeout=15000 -Dselenide.browser=Autotest.common.utils.BellWebDriverProvider -Dselenide.holdBrowserOpen=false -Dallure.screenshot.afterStep=true -Dallure.screenshot.beforeStep=false -Dwebdriver.chrome.driver=Dependencies\chromedriver.exe -DtempDirectory=C:\Devel\autotests\_autotests-UWeb-Mobile\target\temp\ -javaagent:C:\Users\KIryshkov\.m2\repository/org/aspectj/aspectjweaver/1.8.3/aspectjweaver-1.8.3.jar -Didea.testng.sm_runner -Dfile.encoding=UTF-8 
java_command: org.testng.RemoteTestNGStarter -port 52790 -usedefaultlisteners false -socket52791 @w@C:\Users\KIryshkov\AppData\Local\Temp\idea_working_dirs_testng.tmp -temp C:\Users\KIryshkov\AppData\Local\Temp\idea_testng.tmp
java_class_path (initial): C:\Program Files (x86)\JetBrains\IntelliJ IDEA Community Edition 2016.2\lib\idea_rt.jar;C:\Program Files (x86)\JetBrains\IntelliJ IDEA Community Edition 2016.2\plugins\testng\lib\testng-plugin.jar;C:\Program Files\Java\jdk1.8.0_91\jre\lib\charsets.jar;C:\Program Files\Java\jdk1.8.0_91\jre\lib\deploy.jar;C:\Program Files\Java\jdk1.8.0_91\jre\lib\ext\access-bridge-64.jar;C:\Program Files\Java\jdk1.8.0_91\jre\lib\ext\cldrdata.jar;C:\Program Files\Java\jdk1.8.0_91\jre\lib\ext\dnsns.jar;C:\Program Files\Java\jdk1.8.0_91\jre\lib\ext\jaccess.jar;C:\Program Files\Java\jdk1.8.0_91\jre\lib\ext\jfxrt.jar;C:\Program Files\Java\jdk1.8.0_91\jre\lib\ext\localedata.jar;C:\Program Files\Java\jdk1.8.0_91\jre\lib\ext\nashorn.jar;C:\Program Files\Java\jdk1.8.0_91\jre\lib\ext\sunec.jar;C:\Program Files\Java\jdk1.8.0_91\jre\lib\ext\sunjce_provider.jar;C:\Program Files\Java\jdk1.8.0_91\jre\lib\ext\sunmscapi.jar;C:\Program Files\Java\jdk1.8.0_91\jre\lib\ext\sunpkcs11.jar;C:\Program Files\Java\jdk1.8.0_91\jre\lib\ext\zipfs.jar;C:\Program Files\Java\jdk1.8.0_91\jre\lib\javaws.jar;C:\Program Files\Java\jdk1.8.0_91\jre\lib\jce.jar;C:\Program Files\Java\jdk1.8.0_91\jre\lib\jfr.jar;C:\Program Files\Java\jdk1.8.0_91\jre\lib\jfxswt.jar;C:\Program Files\Java\jdk1.8.0_91\jre\lib\jsse.jar;C:\Program Files\Java\jdk1.8.0_91\jre\lib\management-agent.jar;C:\Program Files\Java\jdk1.8.0_91\jre\lib\plugin.jar;C:\Program Files\Java\jdk1.8.0_91\jre\lib\resources.jar;C:\Program Files\Java\jdk1.8.0_91\jre\lib\rt.jar;C:\Devel\autotests\_autotests-UWeb-Mobile\target\test-classes;C:\Devel\autotests\_autotests-UWeb-Mobile\target\classes;C:\Users\KIryshkov\.m2\repository\Autotest\common\1.0-SNAPSHOT\common-1.0-SNAPSHOT.jar;C:\Users\KIryshkov\.m2\repository\com\codeborne\selenide\2.24\selenide-2.24.jar;C:\Users\KIryshkov\.m2\repository\com\google\guava\guava\18.0\guava-18.0.jar;C:\Users\KIryshkov\.m2\repository\commons-codec\commons-codec\1.9\commons-codec-1.9.jar;C:\Users\KIryshkov\.m2\r
Launcher Type: SUN_STANDARD

Environment Variables:
JAVA_HOME=c:\Program Files\Java\jdk1.8.0_91\
PATH=C:\Windows;C:\Windows\System32;C:\Windows\System32\wbem;C:\Windows\System32\WindowsPowerShell\v1.0;C:\Windows\System32\Windows System Resource Manager\bin;C:\Windows\idmu\common;C:\Python27;C:\Python27\Scripts;c:\Program Files\Java\jdk1.8.0_91\bin;C:\oracle\ora11\bin;C:\Program Files\Microsoft SQL Server\110\Tools\Binn;C:\Program Files (x86)\Microsoft Team Foundation Server 2010 Power Tools;C:\Program Files (x86)\Microsoft Team Foundation Server 2010 Power Tools\Best Practices Analyzer;C:\AMD_PREP\bin;C:\AMD_PREP\core\gn\src;C:\AMD_PREP\tuxedo\bin;C:\AMD_PREP\pb125dk;c:\Program Files (x86)\Microsoft SQL Server\100\Tools\Binn\VSShell\Common7\IDE;c:\Program Files (x86)\Microsoft SQL Server\100\Tools\Binn;c:\Program Files\Microsoft SQL Server\100\Tools\Binn;c:\Program Files (x86)\Microsoft SQL Server\100\DTS\Binn;C:\Tools;c:\apache-maven-3.3.9\bin;C:\Program Files\Microsoft\Web Platform Installer;C:\Program Files\TortoiseSVN\bin;C:\Program Files (x86)\Subversion\bin
USERNAME=kiryshkov
OS=Windows_NT
PROCESSOR_IDENTIFIER=Intel64 Family 6 Model 45 Stepping 7, GenuineIntel



---------------  S Y S T E M  ---------------

OS: Windows 7 , 64 bit Build 7601 (6.1.7601.23418)

CPU:total 2 (2 cores per cpu, 1 threads per core) family 6 model 45 stepping 7, cmov, cx8, fxsr, mmx, sse, sse2, sse3, ssse3, sse4.1, sse4.2, popcnt, avx, aes, clmul, tsc, tscinvbit, tscinv

Memory: 4k page, physical 4193848k(357552k free), swap 4775028k(5096k free)

vm_info: Java HotSpot(TM) 64-Bit Server VM (25.91-b14) for windows-amd64 JRE (1.8.0_91-b14), built on Apr  1 2016 00:58:32 by "java_re" with MS VC++ 10.0 (VS2010)

time: Thu Aug 04 13:49:42 2016
elapsed time: 6 seconds (0d 0h 0m 6s)

