#
# There is insufficient memory for the Java Runtime Environment to continue.
# Native memory allocation (malloc) failed to allocate 32744 bytes for ChunkPool::allocate
# Possible reasons:
#   The system is out of physical RAM or swap space
#   In 32 bit mode, the process size limit was hit
# Possible solutions:
#   Reduce memory load on the system
#   Increase physical memory or swap space
#   Check if swap backing store is full
#   Use 64 bit Java on a 64 bit OS
#   Decrease Java heap size (-Xmx/-Xms)
#   Decrease number of Java threads
#   Decrease Java thread stack sizes (-Xss)
#   Set larger code cache with -XX:ReservedCodeCacheSize=
# This output file may be truncated or incomplete.
#
#  Out of Memory Error (allocation.cpp:273), pid=4236, tid=5920
#
# JRE version: Java(TM) SE Runtime Environment (8.0_91-b14) (build 1.8.0_91-b14)
# Java VM: Java HotSpot(TM) 64-Bit Server VM (25.91-b14 mixed mode windows-amd64 compressed oops)
# Failed to write core dump. Minidumps are not enabled by default on client versions of Windows
#

---------------  T H R E A D  ---------------

Current thread (0x0000000054bd6000):  JavaThread "C2 CompilerThread0" daemon [_thread_in_native, id=5920, stack(0x0000000055f90000,0x0000000056090000)]

Stack: [0x0000000055f90000,0x0000000056090000]
[error occurred during error reporting (printing stack bounds), id 0xc0000005]

Native frames: (J=compiled Java code, j=interpreted, Vv=VM code, C=native code)


Current CompileTask:
C2:  39021 2982       4       java.net.URLClassLoader$1::run (5 bytes)


---------------  P R O C E S S  ---------------

Java Threads: ( => current thread )
  0x000000005628d800 JavaThread "Monitor Ctrl-Break" daemon [_thread_in_native, id=8660, stack(0x0000000056900000,0x0000000056a00000)]
  0x0000000056260800 JavaThread "Service Thread" daemon [_thread_blocked, id=2068, stack(0x0000000056770000,0x0000000056870000)]
  0x0000000054bdc000 JavaThread "C1 CompilerThread1" daemon [_thread_blocked, id=7800, stack(0x0000000056140000,0x0000000056240000)]
=>0x0000000054bd6000 JavaThread "C2 CompilerThread0" daemon [_thread_in_native, id=5920, stack(0x0000000055f90000,0x0000000056090000)]
  0x0000000054bd5000 JavaThread "Attach Listener" daemon [_thread_blocked, id=7348, stack(0x00000000555f0000,0x00000000556f0000)]
  0x0000000054bcf000 JavaThread "Signal Dispatcher" daemon [_thread_blocked, id=3940, stack(0x0000000055d20000,0x0000000055e20000)]
  0x0000000054bb2000 JavaThread "Finalizer" daemon [_thread_blocked, id=884, stack(0x0000000055b30000,0x0000000055c30000)]
  0x0000000054b66800 JavaThread "Reference Handler" daemon [_thread_blocked, id=7840, stack(0x0000000055900000,0x0000000055a00000)]
  0x0000000001fb0000 JavaThread "main" [_thread_in_vm, id=4132, stack(0x0000000002250000,0x0000000002350000)]

Other Threads:
  0x0000000054b5e800 VMThread [stack: 0x0000000055770000,0x0000000055870000] [id=6956]
  0x000000005626d800 WatcherThread [stack: 0x0000000055a30000,0x0000000055b30000] [id=5488]

VM state:not at safepoint (normal execution)

VM Mutex/Monitor currently owned by a thread: None

Heap:
 PSYoungGen      total 35328K, used 24986K [0x00000000eab00000, 0x00000000ed000000, 0x0000000100000000)
  eden space 32768K, 68% used [0x00000000eab00000,0x00000000ec0ea848,0x00000000ecb00000)
  from space 2560K, 99% used [0x00000000ecb00000,0x00000000ecd7c010,0x00000000ecd80000)
  to   space 2560K, 0% used [0x00000000ecd80000,0x00000000ecd80000,0x00000000ed000000)
 ParOldGen       total 44032K, used 14074K [0x00000000c0000000, 0x00000000c2b00000, 0x00000000eab00000)
  object space 44032K, 31% used [0x00000000c0000000,0x00000000c0dbe8a8,0x00000000c2b00000)
 Metaspace       used 20434K, capacity 20744K, committed 20864K, reserved 1067008K
  class space    used 2500K, capacity 2612K, committed 2688K, reserved 1048576K

Card table byte_map: [0x00000000119e0000,0x0000000011bf0000] byte_map_base: 0x00000000113e0000

Marking Bits: (ParMarkBitMap*) 0x000000005a442f70
 Begin Bits: [0x0000000012030000, 0x0000000013030000)
 End Bits:   [0x0000000013030000, 0x0000000014030000)

Polling page: 0x00000000001c0000

CodeCache: size=245760Kb used=9774Kb max_used=10297Kb free=235985Kb
 bounds [0x0000000002620000, 0x0000000003040000, 0x0000000011620000]
 total_blobs=3272 nmethods=2904 adapters=280
 compilation: enabled

Compilation events (10 events):
Event: 38.955 Thread 0x0000000054bdc000 3049       1       java.net.Parts::getRef (5 bytes)
Event: 38.955 Thread 0x0000000054bdc000 nmethod 3049 0x0000000002902090 code [0x00000000029021e0, 0x00000000029022f0]
Event: 38.963 Thread 0x0000000054bdc000 3051       3       java.util.AbstractSequentialList::<init> (5 bytes)
Event: 38.964 Thread 0x0000000054bdc000 nmethod 3051 0x0000000002730850 code [0x00000000027309c0, 0x0000000002730c30]
Event: 38.964 Thread 0x0000000054bdc000 3050       3       java.util.LinkedList::<init> (10 bytes)
Event: 38.964 Thread 0x0000000054bdc000 nmethod 3050 0x000000000273b750 code [0x000000000273b8c0, 0x000000000273bb90]
Event: 38.964 Thread 0x0000000054bdc000 3052       3       sun.misc.JarIndex::addToList (59 bytes)
Event: 38.965 Thread 0x0000000054bdc000 nmethod 3052 0x000000000274c690 code [0x000000000274c8a0, 0x000000000274d1a8]
Event: 38.965 Thread 0x0000000054bdc000 3053   !   3       sun.misc.URLClassPath$JarLoader::ensureOpen (32 bytes)
Event: 38.965 Thread 0x0000000054bdc000 nmethod 3053 0x0000000002793750 code [0x00000000027938e0, 0x0000000002793ce8]

GC Heap History (10 events):
Event: 4.040 GC heap before
{Heap before GC invocations=3 (full 0):
 PSYoungGen      total 18944K, used 18916K [0x00000000eab00000, 0x00000000ec000000, 0x0000000100000000)
  eden space 16384K, 100% used [0x00000000eab00000,0x00000000ebb00000,0x00000000ebb00000)
  from space 2560K, 98% used [0x00000000ebd80000,0x00000000ebff9120,0x00000000ec000000)
  to   space 2560K, 0% used [0x00000000ebb00000,0x00000000ebb00000,0x00000000ebd80000)
 ParOldGen       total 44032K, used 1422K [0x00000000c0000000, 0x00000000c2b00000, 0x00000000eab00000)
  object space 44032K, 3% used [0x00000000c0000000,0x00000000c0163a30,0x00000000c2b00000)
 Metaspace       used 10566K, capacity 10762K, committed 11008K, reserved 1058816K
  class space    used 1322K, capacity 1415K, committed 1536K, reserved 1048576K
Event: 4.048 GC heap after
Heap after GC invocations=3 (full 0):
 PSYoungGen      total 18944K, used 2540K [0x00000000eab00000, 0x00000000ed000000, 0x0000000100000000)
  eden space 16384K, 0% used [0x00000000eab00000,0x00000000eab00000,0x00000000ebb00000)
  from space 2560K, 99% used [0x00000000ebb00000,0x00000000ebd7b008,0x00000000ebd80000)
  to   space 2560K, 0% used [0x00000000ecd80000,0x00000000ecd80000,0x00000000ed000000)
 ParOldGen       total 44032K, used 3642K [0x00000000c0000000, 0x00000000c2b00000, 0x00000000eab00000)
  object space 44032K, 8% used [0x00000000c0000000,0x00000000c038eb48,0x00000000c2b00000)
 Metaspace       used 10566K, capacity 10762K, committed 11008K, reserved 1058816K
  class space    used 1322K, capacity 1415K, committed 1536K, reserved 1048576K
}
Event: 4.890 GC heap before
{Heap before GC invocations=4 (full 0):
 PSYoungGen      total 18944K, used 18924K [0x00000000eab00000, 0x00000000ed000000, 0x0000000100000000)
  eden space 16384K, 100% used [0x00000000eab00000,0x00000000ebb00000,0x00000000ebb00000)
  from space 2560K, 99% used [0x00000000ebb00000,0x00000000ebd7b008,0x00000000ebd80000)
  to   space 2560K, 0% used [0x00000000ecd80000,0x00000000ecd80000,0x00000000ed000000)
 ParOldGen       total 44032K, used 3642K [0x00000000c0000000, 0x00000000c2b00000, 0x00000000eab00000)
  object space 44032K, 8% used [0x00000000c0000000,0x00000000c038eb48,0x00000000c2b00000)
 Metaspace       used 12738K, capacity 12928K, committed 13312K, reserved 1060864K
  class space    used 1623K, capacity 1706K, committed 1792K, reserved 1048576K
Event: 4.934 GC heap after
Heap after GC invocations=4 (full 0):
 PSYoungGen      total 35328K, used 2528K [0x00000000eab00000, 0x00000000ed000000, 0x0000000100000000)
  eden space 32768K, 0% used [0x00000000eab00000,0x00000000eab00000,0x00000000ecb00000)
  from space 2560K, 98% used [0x00000000ecd80000,0x00000000ecff8020,0x00000000ed000000)
  to   space 2560K, 0% used [0x00000000ecb00000,0x00000000ecb00000,0x00000000ecd80000)
 ParOldGen       total 44032K, used 6451K [0x00000000c0000000, 0x00000000c2b00000, 0x00000000eab00000)
  object space 44032K, 14% used [0x00000000c0000000,0x00000000c064cc80,0x00000000c2b00000)
 Metaspace       used 12738K, capacity 12928K, committed 13312K, reserved 1060864K
  class space    used 1623K, capacity 1706K, committed 1792K, reserved 1048576K
}
Event: 11.365 GC heap before
{Heap before GC invocations=5 (full 0):
 PSYoungGen      total 35328K, used 35296K [0x00000000eab00000, 0x00000000ed000000, 0x0000000100000000)
  eden space 32768K, 100% used [0x00000000eab00000,0x00000000ecb00000,0x00000000ecb00000)
  from space 2560K, 98% used [0x00000000ecd80000,0x00000000ecff8020,0x00000000ed000000)
  to   space 2560K, 0% used [0x00000000ecb00000,0x00000000ecb00000,0x00000000ecd80000)
 ParOldGen       total 44032K, used 6451K [0x00000000c0000000, 0x00000000c2b00000, 0x00000000eab00000)
  object space 44032K, 14% used [0x00000000c0000000,0x00000000c064cc80,0x00000000c2b00000)
 Metaspace       used 15183K, capacity 15412K, committed 15616K, reserved 1062912K
  class space    used 1857K, capacity 1944K, committed 2048K, reserved 1048576K
Event: 11.383 GC heap after
Heap after GC invocations=5 (full 0):
 PSYoungGen      total 35328K, used 2528K [0x00000000eab00000, 0x00000000ed000000, 0x0000000100000000)
  eden space 32768K, 0% used [0x00000000eab00000,0x00000000eab00000,0x00000000ecb00000)
  from space 2560K, 98% used [0x00000000ecb00000,0x00000000ecd78020,0x00000000ecd80000)
  to   space 2560K, 0% used [0x00000000ecd80000,0x00000000ecd80000,0x00000000ed000000)
 ParOldGen       total 44032K, used 10525K [0x00000000c0000000, 0x00000000c2b00000, 0x00000000eab00000)
  object space 44032K, 23% used [0x00000000c0000000,0x00000000c0a47480,0x00000000c2b00000)
 Metaspace       used 15183K, capacity 15412K, committed 15616K, reserved 1062912K
  class space    used 1857K, capacity 1944K, committed 2048K, reserved 1048576K
}
Event: 24.238 GC heap before
{Heap before GC invocations=6 (full 0):
 PSYoungGen      total 35328K, used 35296K [0x00000000eab00000, 0x00000000ed000000, 0x0000000100000000)
  eden space 32768K, 100% used [0x00000000eab00000,0x00000000ecb00000,0x00000000ecb00000)
  from space 2560K, 98% used [0x00000000ecb00000,0x00000000ecd78020,0x00000000ecd80000)
  to   space 2560K, 0% used [0x00000000ecd80000,0x00000000ecd80000,0x00000000ed000000)
 ParOldGen       total 44032K, used 10525K [0x00000000c0000000, 0x00000000c2b00000, 0x00000000eab00000)
  object space 44032K, 23% used [0x00000000c0000000,0x00000000c0a47480,0x00000000c2b00000)
 Metaspace       used 16014K, capacity 16324K, committed 16512K, reserved 1062912K
  class space    used 1936K, capacity 2052K, committed 2176K, reserved 1048576K
Event: 24.265 GC heap after
Heap after GC invocations=6 (full 0):
 PSYoungGen      total 35328K, used 2544K [0x00000000eab00000, 0x00000000ed000000, 0x0000000100000000)
  eden space 32768K, 0% used [0x00000000eab00000,0x00000000eab00000,0x00000000ecb00000)
  from space 2560K, 99% used [0x00000000ecd80000,0x00000000ecffc010,0x00000000ed000000)
  to   space 2560K, 0% used [0x00000000ecb00000,0x00000000ecb00000,0x00000000ecd80000)
 ParOldGen       total 44032K, used 12645K [0x00000000c0000000, 0x00000000c2b00000, 0x00000000eab00000)
  object space 44032K, 28% used [0x00000000c0000000,0x00000000c0c595a0,0x00000000c2b00000)
 Metaspace       used 16014K, capacity 16324K, committed 16512K, reserved 1062912K
  class space    used 1936K, capacity 2052K, committed 2176K, reserved 1048576K
}
Event: 34.257 GC heap before
{Heap before GC invocations=7 (full 0):
 PSYoungGen      total 35328K, used 35312K [0x00000000eab00000, 0x00000000ed000000, 0x0000000100000000)
  eden space 32768K, 100% used [0x00000000eab00000,0x00000000ecb00000,0x00000000ecb00000)
  from space 2560K, 99% used [0x00000000ecd80000,0x00000000ecffc010,0x00000000ed000000)
  to   space 2560K, 0% used [0x00000000ecb00000,0x00000000ecb00000,0x00000000ecd80000)
 ParOldGen       total 44032K, used 12645K [0x00000000c0000000, 0x00000000c2b00000, 0x00000000eab00000)
  object space 44032K, 28% used [0x00000000c0000000,0x00000000c0c595a0,0x00000000c2b00000)
 Metaspace       used 16432K, capacity 16782K, committed 17024K, reserved 1064960K
  class space    used 1961K, capacity 2054K, committed 2176K, reserved 1048576K
Event: 34.278 GC heap after
Heap after GC invocations=7 (full 0):
 PSYoungGen      total 35328K, used 2544K [0x00000000eab00000, 0x00000000ed000000, 0x0000000100000000)
  eden space 32768K, 0% used [0x00000000eab00000,0x00000000eab00000,0x00000000ecb00000)
  from space 2560K, 99% used [0x00000000ecb00000,0x00000000ecd7c010,0x00000000ecd80000)
  to   space 2560K, 0% used [0x00000000ecd80000,0x00000000ecd80000,0x00000000ed000000)
 ParOldGen       total 44032K, used 14074K [0x00000000c0000000, 0x00000000c2b00000, 0x00000000eab00000)
  object space 44032K, 31% used [0x00000000c0000000,0x00000000c0dbe8a8,0x00000000c2b00000)
 Metaspace       used 16432K, capacity 16782K, committed 17024K, reserved 1064960K
  class space    used 1961K, capacity 2054K, committed 2176K, reserved 1048576K
}

Deoptimization events (10 events):
Event: 24.153 Thread 0x0000000001fb0000 Uncommon trap: reason=bimorphic action=maybe_recompile pc=0x0000000002b92580 method=java.util.regex.Pattern$CharProperty.match(Ljava/util/regex/Matcher;ILjava/lang/CharSequence;)Z @ 37
Event: 24.190 Thread 0x0000000001fb0000 Uncommon trap: reason=null_check action=make_not_entrant pc=0x0000000002e63e0c method=com.google.inject.internal.InjectorImpl.callInContext(Lcom/google/inject/internal/ContextualCallable;)Ljava/lang/Object; @ 7
Event: 27.824 Thread 0x0000000001fb0000 Uncommon trap: reason=unstable_if action=reinterpret pc=0x0000000002dde334 method=org.apache.maven.model.ConfigurationContainer.clone()Lorg/apache/maven/model/ConfigurationContainer; @ 37
Event: 33.268 Thread 0x0000000001fb0000 Uncommon trap: reason=unstable_if action=reinterpret pc=0x0000000002fd9fd8 method=org.apache.maven.model.merge.ModelMerger.mergePlugin_Extensions(Lorg/apache/maven/model/Plugin;Lorg/apache/maven/model/Plugin;ZLjava/util/Map;)V @ 8
Event: 37.405 Thread 0x0000000001fb0000 Uncommon trap: reason=bimorphic action=maybe_recompile pc=0x0000000002b92580 method=java.util.regex.Pattern$CharProperty.match(Ljava/util/regex/Matcher;ILjava/lang/CharSequence;)Z @ 37
Event: 37.416 Thread 0x0000000001fb0000 Uncommon trap: reason=unstable_if action=reinterpret pc=0x0000000002f1b9a4 method=com.google.inject.internal.InjectorImpl.callInContext(Lcom/google/inject/internal/ContextualCallable;)Ljava/lang/Object; @ 161
Event: 38.071 Thread 0x0000000001fb0000 Uncommon trap: reason=unstable_if action=reinterpret pc=0x0000000002eb7dc8 method=java.net.URI.match(CJJ)Z @ 19
Event: 38.075 Thread 0x0000000001fb0000 Uncommon trap: reason=predicate action=maybe_recompile pc=0x0000000002caa9f4 method=sun.misc.Resource.getBytes()[B @ 53
Event: 38.578 Thread 0x0000000001fb0000 Uncommon trap: reason=unstable_if action=reinterpret pc=0x0000000002ec2320 method=java.util.jar.Manifest$FastInputStream.readLine([BII)I @ 87
Event: 38.964 Thread 0x0000000001fb0000 Uncommon trap: reason=unstable_if action=reinterpret pc=0x00000000027e66fc method=sun.misc.URLClassPath$JarLoader.getResource(Ljava/lang/String;Z)Lsun/misc/Resource; @ 62

Internal exceptions (10 events):
Event: 3.166 Thread 0x0000000001fb0000 Exception <a 'java/lang/ArrayIndexOutOfBoundsException': 71> (0x00000000eabeb2b0) thrown at [C:\re\workspace\8-2-build-windows-amd64-cygwin\jdk8u91\6644\hotspot\src\share\vm\interpreter\interpreterRuntime.cpp, line 366]
Event: 4.811 Thread 0x0000000001fb0000 Exception <a 'java/lang/NoClassDefFoundError': com/google/inject/servlet/ServletModuleTargetVisitor> (0x00000000eb979c38) thrown at [C:\re\workspace\8-2-build-windows-amd64-cygwin\jdk8u91\6644\hotspot\src\share\vm\classfile\systemDictionary.cpp, line 199]
Event: 4.811 Thread 0x0000000001fb0000 Exception <a 'java/lang/NoClassDefFoundError'> (0x00000000eb979c38) thrown at [C:\re\workspace\8-2-build-windows-amd64-cygwin\jdk8u91\6644\hotspot\src\share\vm\prims\jvm.cpp, line 1390]
Event: 4.811 Thread 0x0000000001fb0000 Exception <a 'java/lang/NoClassDefFoundError': javax/annotation/Priority> (0x00000000eb97eb20) thrown at [C:\re\workspace\8-2-build-windows-amd64-cygwin\jdk8u91\6644\hotspot\src\share\vm\classfile\systemDictionary.cpp, line 199]
Event: 7.058 Thread 0x0000000001fb0000 Implicit null exception at 0x0000000002bc061f to 0x0000000002bc0861
Event: 7.224 Thread 0x0000000001fb0000 Implicit null exception at 0x00000000028ba245 to 0x00000000028ba43d
Event: 7.224 Thread 0x0000000001fb0000 Implicit null exception at 0x00000000029750ef to 0x0000000002975155
Event: 24.190 Thread 0x0000000001fb0000 Implicit null exception at 0x0000000002e62d18 to 0x0000000002e63dfd
Event: 37.416 Thread 0x0000000001fb0000 Implicit null exception at 0x0000000002f1a791 to 0x0000000002f1b995
Event: 38.070 Thread 0x0000000001fb0000 Exception <a 'java/lang/ClassNotFoundException': com/sun/tools/javac/api/JavacTool> (0x00000000eb0cf148) thrown at [C:\re\workspace\8-2-build-windows-amd64-cygwin\jdk8u91\6644\hotspot\src\share\vm\classfile\systemDictionary.cpp, line 210]

Events (10 events):
Event: 38.939 loading class com/sun/tools/javac/util/ServiceLoader$LazyIterator done
Event: 38.940 loading class com/sun/tools/javac/util/ServiceLoader$1
Event: 38.940 loading class com/sun/tools/javac/util/ServiceLoader$1 done
Event: 38.940 loading class com/sun/tools/javac/processing/JavacProcessingEnvironment$DiscoveredProcessors
Event: 38.940 loading class com/sun/tools/javac/processing/JavacProcessingEnvironment$DiscoveredProcessors done
Event: 38.940 loading class com/sun/tools/javac/processing/JavacProcessingEnvironment$DiscoveredProcessors$ProcessorStateIterator
Event: 38.940 loading class com/sun/tools/javac/processing/JavacProcessingEnvironment$DiscoveredProcessors$ProcessorStateIterator done
Event: 38.964 Thread 0x0000000001fb0000 Uncommon trap: trap_request=0xffffff65 fr.pc=0x00000000027e66fc
Event: 38.964 Thread 0x0000000001fb0000 DEOPT PACKING pc=0x00000000027e66fc sp=0x000000000234c3d0
Event: 38.964 Thread 0x0000000001fb0000 DEOPT UNPACKING pc=0x000000000266582a sp=0x000000000234c3e0 mode 2


Dynamic libraries:
0x000000013fe00000 - 0x000000013fe37000 	C:\Program Files\Java\jdk1.8.0_91\bin\java.exe
0x00000000778b0000 - 0x0000000077a5a000 	C:\Windows\SYSTEM32\ntdll.dll
0x0000000077790000 - 0x00000000778af000 	C:\Windows\system32\kernel32.dll
0x000007fefd8b0000 - 0x000007fefd91a000 	C:\Windows\system32\KERNELBASE.dll
0x000007feff7d0000 - 0x000007feff8ab000 	C:\Windows\system32\ADVAPI32.dll
0x000007feff620000 - 0x000007feff6bf000 	C:\Windows\system32\msvcrt.dll
0x000007fefe3e0000 - 0x000007fefe3ff000 	C:\Windows\SYSTEM32\sechost.dll
0x000007feff4f0000 - 0x000007feff61d000 	C:\Windows\system32\RPCRT4.dll
0x0000000077690000 - 0x000000007778a000 	C:\Windows\system32\USER32.dll
0x000007feff480000 - 0x000007feff4e7000 	C:\Windows\system32\GDI32.dll
0x000007fefe400000 - 0x000007fefe40e000 	C:\Windows\system32\LPK.dll
0x000007fefe230000 - 0x000007fefe2fa000 	C:\Windows\system32\USP10.dll
0x000007fefbac0000 - 0x000007fefbcb4000 	C:\Windows\WinSxS\amd64_microsoft.windows.common-controls_6595b64144ccf1df_6.0.7601.18837_none_fa3b1e3d17594757\COMCTL32.dll
0x000007feffae0000 - 0x000007feffb51000 	C:\Windows\system32\SHLWAPI.dll
0x000007feff380000 - 0x000007feff3ae000 	C:\Windows\system32\IMM32.DLL
0x000007feff6c0000 - 0x000007feff7c9000 	C:\Windows\system32\MSCTF.dll
0x000007fefd570000 - 0x000007fefd595000 	C:\Windows\system32\vmwsci.dll
0x0000000077a80000 - 0x0000000077a87000 	C:\Windows\system32\PSAPI.DLL
0x000000006c5f0000 - 0x000000006c6c2000 	C:\Program Files\Java\jdk1.8.0_91\jre\bin\msvcr100.dll
0x0000000059c30000 - 0x000000005a4c3000 	C:\Program Files\Java\jdk1.8.0_91\jre\bin\server\jvm.dll
0x000007fefa650000 - 0x000007fefa659000 	C:\Windows\system32\WSOCK32.dll
0x000007feff3b0000 - 0x000007feff3fd000 	C:\Windows\system32\WS2_32.dll
0x000007fefdef0000 - 0x000007fefdef8000 	C:\Windows\system32\NSI.dll
0x000007fefab20000 - 0x000007fefab5b000 	C:\Windows\system32\WINMM.dll
0x000007fefcff0000 - 0x000007fefcffc000 	C:\Windows\system32\VERSION.dll
0x0000000072110000 - 0x000000007211f000 	C:\Program Files\Java\jdk1.8.0_91\jre\bin\verify.dll
0x000000006df60000 - 0x000000006df89000 	C:\Program Files\Java\jdk1.8.0_91\jre\bin\java.dll
0x000000006cef0000 - 0x000000006cf06000 	C:\Program Files\Java\jdk1.8.0_91\jre\bin\zip.dll
0x000007fefe5f0000 - 0x000007feff379000 	C:\Windows\system32\SHELL32.dll
0x000007fefda10000 - 0x000007fefdc13000 	C:\Windows\system32\ole32.dll
0x000007fefd630000 - 0x000007fefd63f000 	C:\Windows\system32\profapi.dll
0x000007fef7510000 - 0x000007fef7520000 	C:\Program Files (x86)\JetBrains\IntelliJ IDEA Community Edition 2016.1.1\bin\breakgen64.dll
0x000000006ced0000 - 0x000000006ceea000 	C:\Program Files\Java\jdk1.8.0_91\jre\bin\net.dll
0x000007fefcd80000 - 0x000007fefcdd5000 	C:\Windows\system32\mswsock.dll
0x000007fefd000000 - 0x000007fefd007000 	C:\Windows\System32\wship6.dll
0x000000006deb0000 - 0x000000006dec1000 	C:\Program Files\Java\jdk1.8.0_91\jre\bin\nio.dll

VM Arguments:
jvm_args: -Dmaven.multiModuleProjectDirectory=C:\Devel\autotests\autotests-UWeb-Mobile -Dmaven.home=C:\apache-maven-3.3.9 -Dclassworlds.conf=C:\apache-maven-3.3.9\bin\m2.conf -Didea.launcher.port=7532 -Didea.launcher.bin.path=C:\Program Files (x86)\JetBrains\IntelliJ IDEA Community Edition 2016.1.1\bin -Dfile.encoding=UTF-8 
java_command: com.intellij.rt.execution.application.AppMain org.codehaus.classworlds.Launcher -Didea.version=2016.1.3 --offline install
java_class_path (initial): C:\apache-maven-3.3.9\boot\plexus-classworlds-2.5.2.jar;C:\Program Files (x86)\JetBrains\IntelliJ IDEA Community Edition 2016.1.1\lib\idea_rt.jar
Launcher Type: SUN_STANDARD

Environment Variables:
JAVA_HOME=c:\Program Files\Java\jdk1.8.0_91\
PATH=C:\Windows;C:\Windows\System32;C:\Windows\System32\wbem;C:\Windows\System32\WindowsPowerShell\v1.0;C:\Windows\System32\Windows System Resource Manager\bin;C:\Windows\idmu\common;c:\Java\jdk\bin;C:\oracle\ora11\bin;C:\Program Files\Microsoft SQL Server\110\Tools\Binn;C:\Program Files (x86)\Microsoft Team Foundation Server 2010 Power Tools;C:\Program Files (x86)\Microsoft Team Foundation Server 2010 Power Tools\Best Practices Analyzer;C:\AMD_PREP\bin;C:\AMD_PREP\core\gn\src;C:\AMD_PREP\tuxedo\bin;C:\AMD_PREP\pb125dk;c:\Program Files (x86)\Microsoft SQL Server\100\Tools\Binn\VSShell\Common7\IDE;c:\Program Files (x86)\Microsoft SQL Server\100\Tools\Binn;c:\Program Files\Microsoft SQL Server\100\Tools\Binn;c:\Program Files (x86)\Microsoft SQL Server\100\DTS\Binn;C:\Tools;c:\apache-maven-3.3.9\bin;C:\Program Files\Microsoft\Web Platform Installer;C:\Program Files\TortoiseSVN\bin;C:\Program Files (x86)\Subversion\bin
USERNAME=KIryshkov
OS=Windows_NT
PROCESSOR_IDENTIFIER=Intel64 Family 6 Model 45 Stepping 7, GenuineIntel



---------------  S Y S T E M  ---------------

OS: Windows 7 , 64 bit Build 7601 (6.1.7601.23418)

CPU:total 2 (2 cores per cpu, 1 threads per core) family 6 model 45 stepping 7, cmov, cx8, fxsr, mmx, sse, sse2, sse3, ssse3, sse4.1, sse4.2, popcnt, avx, aes, clmul, tsc, tscinvbit, tscinv

Memory: 4k page, physical 4193848k(196880k free), swap 5044660k(5092k free)

vm_info: Java HotSpot(TM) 64-Bit Server VM (25.91-b14) for windows-amd64 JRE (1.8.0_91-b14), built on Apr  1 2016 00:58:32 by "java_re" with MS VC++ 10.0 (VS2010)

time: Fri Jul 01 12:52:39 2016
elapsed time: 39 seconds (0d 0h 0m 39s)

