#
# There is insufficient memory for the Java Runtime Environment to continue.
# Native memory allocation (malloc) failed to allocate 32744 bytes for ChunkPool::allocate
# Possible reasons:
#   The system is out of physical RAM or swap space
#   In 32 bit mode, the process size limit was hit
# Possible solutions:
#   Reduce memory load on the system
#   Increase physical memory or swap space
#   Check if swap backing store is full
#   Use 64 bit Java on a 64 bit OS
#   Decrease Java heap size (-Xmx/-Xms)
#   Decrease number of Java threads
#   Decrease Java thread stack sizes (-Xss)
#   Set larger code cache with -XX:ReservedCodeCacheSize=
# This output file may be truncated or incomplete.
#
#  Out of Memory Error (allocation.cpp:273), pid=2056, tid=7868
#
# JRE version: Java(TM) SE Runtime Environment (8.0_91-b14) (build 1.8.0_91-b14)
# Java VM: Java HotSpot(TM) 64-Bit Server VM (25.91-b14 mixed mode windows-amd64 compressed oops)
# Failed to write core dump. Minidumps are not enabled by default on client versions of Windows
#

---------------  T H R E A D  ---------------

Current thread (0x0000000054d2d000):  JavaThread "C1 CompilerThread1" daemon [_thread_in_native, id=7868, stack(0x00000000561b0000,0x00000000562b0000)]

Stack: [0x00000000561b0000,0x00000000562b0000]
[error occurred during error reporting (printing stack bounds), id 0xc0000005]

Native frames: (J=compiled Java code, j=interpreted, Vv=VM code, C=native code)


Current CompileTask:
C1:    563  106  s!   3       sun.misc.URLClassPath::getLoader (197 bytes)


---------------  P R O C E S S  ---------------

Java Threads: ( => current thread )
  0x0000000001f40000 JavaThread "DestroyJavaVM" [_thread_blocked, id=7244, stack(0x0000000002240000,0x0000000002340000)]
  0x0000000056312800 JavaThread "Monitor Ctrl-Break" daemon [_thread_in_native, id=7176, stack(0x0000000056a00000,0x0000000056b00000)]
  0x00000000562d8800 JavaThread "Service Thread" daemon [_thread_blocked, id=5492, stack(0x00000000567c0000,0x00000000568c0000)]
=>0x0000000054d2d000 JavaThread "C1 CompilerThread1" daemon [_thread_in_native, id=7868, stack(0x00000000561b0000,0x00000000562b0000)]
  0x0000000054d10000 JavaThread "C2 CompilerThread0" daemon [_thread_blocked, id=7684, stack(0x0000000056000000,0x0000000056100000)]
  0x0000000054d0f000 JavaThread "Attach Listener" daemon [_thread_blocked, id=796, stack(0x0000000055e90000,0x0000000055f90000)]
  0x0000000054d15000 JavaThread "Signal Dispatcher" daemon [_thread_blocked, id=6992, stack(0x0000000055c80000,0x0000000055d80000)]
  0x0000000054cf2000 JavaThread "Finalizer" daemon [_thread_blocked, id=7712, stack(0x0000000055b70000,0x0000000055c70000)]
  0x0000000054ca6800 JavaThread "Reference Handler" daemon [_thread_blocked, id=7968, stack(0x0000000055980000,0x0000000055a80000)]

Other Threads:
  0x0000000054c9e800 VMThread [stack: 0x0000000055770000,0x0000000055870000] [id=7840]
  0x00000000562f9800 WatcherThread [stack: 0x00000000555f0000,0x00000000556f0000] [id=6704]

VM state:not at safepoint (normal execution)

VM Mutex/Monitor currently owned by a thread: None

Heap:
 PSYoungGen      total 18944K, used 2622K [0x00000000eab00000, 0x00000000ec000000, 0x0000000100000000)
  eden space 16384K, 16% used [0x00000000eab00000,0x00000000ead8f8a8,0x00000000ebb00000)
  from space 2560K, 0% used [0x00000000ebd80000,0x00000000ebd80000,0x00000000ec000000)
  to   space 2560K, 0% used [0x00000000ebb00000,0x00000000ebb00000,0x00000000ebd80000)
 ParOldGen       total 44032K, used 0K [0x00000000c0000000, 0x00000000c2b00000, 0x00000000eab00000)
  object space 44032K, 0% used [0x00000000c0000000,0x00000000c0000000,0x00000000c2b00000)
 Metaspace       used 3391K, capacity 4672K, committed 4864K, reserved 1056768K
  class space    used 372K, capacity 428K, committed 512K, reserved 1048576K

Card table byte_map: [0x00000000119d0000,0x0000000011be0000] byte_map_base: 0x00000000113d0000

Marking Bits: (ParMarkBitMap*) 0x00000000629e2f70
 Begin Bits: [0x0000000012170000, 0x0000000013170000)
 End Bits:   [0x0000000013170000, 0x0000000014170000)

Polling page: 0x0000000000230000

CodeCache: size=245760Kb used=1237Kb max_used=1249Kb free=244522Kb
 bounds [0x0000000002610000, 0x0000000002880000, 0x0000000011610000]
 total_blobs=358 nmethods=104 adapters=167
 compilation: enabled

Compilation events (10 events):
Event: 0.511 Thread 0x0000000054d10000  101       4       java.io.WinNTFileSystem::isSlash (18 bytes)
Event: 0.511 Thread 0x0000000054d2d000 nmethod 99 0x00000000027457d0 code [0x0000000002745940, 0x0000000002745b88]
Event: 0.511 Thread 0x0000000054d2d000  100       3       java.nio.DirectLongBufferU::ix (10 bytes)
Event: 0.511 Thread 0x0000000054d2d000 nmethod 100 0x0000000002743f90 code [0x00000000027440e0, 0x0000000002744250]
Event: 0.511 Thread 0x0000000054d10000 nmethod 101 0x0000000002743d90 code [0x0000000002743ec0, 0x0000000002743f18]
Event: 0.513 Thread 0x0000000054d2d000  102       3       java.lang.ClassLoader::checkName (43 bytes)
Event: 0.513 Thread 0x0000000054d2d000 nmethod 102 0x0000000002743210 code [0x00000000027433c0, 0x0000000002743b18]
Event: 0.513 Thread 0x0000000054d2d000  104       3       sun.misc.MetaIndex::mayContain (51 bytes)
Event: 0.514 Thread 0x0000000054d2d000 nmethod 104 0x0000000002744d10 code [0x0000000002744ec0, 0x0000000002745538]
Event: 0.514 Thread 0x0000000054d2d000  106  s!   3       sun.misc.URLClassPath::getLoader (197 bytes)

GC Heap History (0 events):
No events

Deoptimization events (0 events):
No events

Internal exceptions (2 events):
Event: 0.082 Thread 0x0000000001f40000 Exception <a 'java/lang/NoSuchMethodError': Method sun.misc.Unsafe.defineClass(Ljava/lang/String;[BII)Ljava/lang/Class; name or signature does not match> (0x00000000eab07cc0) thrown at [C:\re\workspace\8-2-build-windows-amd64-cygwin\jdk8u91\6644\hotspot\sr+“ÐLæµ?
Event: 0.082 Thread 0x0000000001f40000 Exception <a 'java/lang/NoSuchMethodError': Method sun.misc.Unsafe.prefetchRead(Ljava/lang/Object;J)V name or signature does not match> (0x00000000eab07fa8) thrown at [C:\re\workspace\8-2-build-windows-amd64-cygwin\jdk8u91\6644\hotspot\src\share\vm\prims\j

Events (10 events):
Event: 0.444 loading class java/util/TreeMap$PrivateEntryIterator done
Event: 0.444 loading class java/util/TreeMap$KeyIterator done
Event: 0.481 loading class java/net/Socket
Event: 0.481 loading class java/net/Socket done
Event: 0.508 loading class org/apache/maven/exception/ExceptionHandler
Event: 0.508 loading class org/apache/maven/exception/ExceptionHandler done
Event: 0.513 loading class org/apache/maven/cli/MavenCli$ExitException
Event: 0.513 loading class org/apache/maven/cli/MavenCli$ExitException done
Event: 0.515 loading class org/eclipse/aether/transfer/TransferListener
Event: 0.515 loading class org/eclipse/aether/transfer/TransferListener done


Dynamic libraries:
0x000000013f5d0000 - 0x000000013f607000 	C:\Program Files\Java\jdk1.8.0_91\bin\java.exe
0x0000000077c00000 - 0x0000000077daa000 	C:\Windows\SYSTEM32\ntdll.dll
0x00000000779e0000 - 0x0000000077aff000 	C:\Windows\system32\kernel32.dll
0x000007fefdaa0000 - 0x000007fefdb0a000 	C:\Windows\system32\KERNELBASE.dll
0x000007fefe220000 - 0x000007fefe2fb000 	C:\Windows\system32\ADVAPI32.dll
0x000007fefe6f0000 - 0x000007fefe78f000 	C:\Windows\system32\msvcrt.dll
0x000007fefe440000 - 0x000007fefe45f000 	C:\Windows\SYSTEM32\sechost.dll
0x000007fefde20000 - 0x000007fefdf4d000 	C:\Windows\system32\RPCRT4.dll
0x0000000077b00000 - 0x0000000077bfa000 	C:\Windows\system32\USER32.dll
0x000007feffea0000 - 0x000007fefff07000 	C:\Windows\system32\GDI32.dll
0x000007fefe3e0000 - 0x000007fefe3ee000 	C:\Windows\system32\LPK.dll
0x000007feffa50000 - 0x000007feffb1a000 	C:\Windows\system32\USP10.dll
0x000007fefbe10000 - 0x000007fefc004000 	C:\Windows\WinSxS\amd64_microsoft.windows.common-controls_6595b64144ccf1df_6.0.7601.18837_none_fa3b1e3d17594757\COMCTL32.dll
0x000007feffb20000 - 0x000007feffb91000 	C:\Windows\system32\SHLWAPI.dll
0x000007feffdb0000 - 0x000007feffdde000 	C:\Windows\system32\IMM32.DLL
0x000007fefeba0000 - 0x000007fefeca9000 	C:\Windows\system32\MSCTF.dll
0x000007fefd8c0000 - 0x000007fefd8e5000 	C:\Windows\system32\vmwsci.dll
0x0000000077dc0000 - 0x0000000077dc7000 	C:\Windows\system32\PSAPI.DLL
0x0000000066620000 - 0x00000000666f2000 	C:\Program Files\Java\jdk1.8.0_91\jre\bin\msvcr100.dll
0x00000000621d0000 - 0x0000000062a63000 	C:\Program Files\Java\jdk1.8.0_91\jre\bin\server\jvm.dll
0x000007fefa990000 - 0x000007fefa999000 	C:\Windows\system32\WSOCK32.dll
0x000007fefe3f0000 - 0x000007fefe43d000 	C:\Windows\system32\WS2_32.dll
0x000007fefecb0000 - 0x000007fefecb8000 	C:\Windows\system32\NSI.dll
0x000007fefb300000 - 0x000007fefb33b000 	C:\Windows\system32\WINMM.dll
0x000007fefcc10000 - 0x000007fefcc1c000 	C:\Windows\system32\VERSION.dll
0x0000000069140000 - 0x000000006914f000 	C:\Program Files\Java\jdk1.8.0_91\jre\bin\verify.dll
0x0000000066740000 - 0x0000000066769000 	C:\Program Files\Java\jdk1.8.0_91\jre\bin\java.dll
0x0000000068e40000 - 0x0000000068e56000 	C:\Program Files\Java\jdk1.8.0_91\jre\bin\zip.dll
0x000007fefecc0000 - 0x000007feffa49000 	C:\Windows\system32\SHELL32.dll
0x000007feffba0000 - 0x000007feffda3000 	C:\Windows\system32\ole32.dll
0x000007fefd990000 - 0x000007fefd99f000 	C:\Windows\system32\profapi.dll
0x000007fef6560000 - 0x000007fef6570000 	C:\Program Files (x86)\JetBrains\IntelliJ IDEA Community Edition 2016.1.1\bin\breakgen64.dll
0x0000000068da0000 - 0x0000000068dba000 	C:\Program Files\Java\jdk1.8.0_91\jre\bin\net.dll
0x000007fefd0f0000 - 0x000007fefd145000 	C:\Windows\system32\mswsock.dll
0x000007fefd0e0000 - 0x000007fefd0e7000 	C:\Windows\System32\wship6.dll

VM Arguments:
jvm_args: -Dmaven.multiModuleProjectDirectory=C:\Devel\autotests\autotests-UWeb-Mobile -Dmaven.home=C:\apache-maven-3.3.9 -Dclassworlds.conf=C:\apache-maven-3.3.9\bin\m2.conf -Didea.launcher.port=7537 -Didea.launcher.bin.path=C:\Program Files (x86)\JetBrains\IntelliJ IDEA Community Edition 2016.1.1\bin -Dfile.encoding=UTF-8 
java_command: com.intellij.rt.execution.application.AppMain org.codehaus.classworlds.Launcher -Didea.version=2016.1.3 --offline site
java_class_path (initial): C:\apache-maven-3.3.9\boot\plexus-classworlds-2.5.2.jar;C:\Program Files (x86)\JetBrains\IntelliJ IDEA Community Edition 2016.1.1\lib\idea_rt.jar
Launcher Type: SUN_STANDARD

Environment Variables:
JAVA_HOME=c:\Program Files\Java\jdk1.8.0_91\
PATH=c:\Program Files\Java\jdk1.8.0_91\bin;C:\Windows;C:\Windows\System32;C:\Windows\System32\wbem;C:\Windows\System32\WindowsPowerShell\v1.0;C:\Windows\System32\Windows System Resource Manager\bin;C:\Windows\idmu\common;C:\oracle\ora11\bin;C:\Program Files\Microsoft SQL Server\110\Tools\Binn;C:\Program Files (x86)\Microsoft Team Foundation Server 2010 Power Tools;C:\Program Files (x86)\Microsoft Team Foundation Server 2010 Power Tools\Best Practices Analyzer;C:\AMD_PREP\bin;C:\AMD_PREP\core\gn\src;C:\AMD_PREP\tuxedo\bin;C:\AMD_PREP\pb125dk;c:\Program Files (x86)\Microsoft SQL Server\100\Tools\Binn\VSShell\Common7\IDE;c:\Program Files (x86)\Microsoft SQL Server\100\Tools\Binn;c:\Program Files\Microsoft SQL Server\100\Tools\Binn;c:\Program Files (x86)\Microsoft SQL Server\100\DTS\Binn;C:\Tools;c:\apache-maven-3.3.9\bin;C:\Program Files\Microsoft\Web Platform Installer;C:\Program Files\TortoiseSVN\bin;C:\Program Files (x86)\Subversion\bin
USERNAME=kiryshkov
OS=Windows_NT
PROCESSOR_IDENTIFIER=Intel64 Family 6 Model 45 Stepping 7, GenuineIntel



---------------  S Y S T E M  ---------------

OS: Windows 7 , 64 bit Build 7601 (6.1.7601.23418)

CPU:total 2 (2 cores per cpu, 1 threads per core) family 6 model 45 stepping 7, cmov, cx8, fxsr, mmx, sse, sse2, sse3, ssse3, sse4.1, sse4.2, popcnt, avx, aes, clmul, tsc, tscinvbit, tscinv

Memory: 4k page, physical 4193848k(440868k free), swap 4577236k(5124k free)

vm_info: Java HotSpot(TM) 64-Bit Server VM (25.91-b14) for windows-amd64 JRE (1.8.0_91-b14), built on Apr  1 2016 00:58:32 by "java_re" with MS VC++ 10.0 (VS2010)

time: Sun Jul 10 15:47:35 2016
elapsed time: 0 seconds (0d 0h 0m 0s)

