#
# There is insufficient memory for the Java Runtime Environment to continue.
# Native memory allocation (malloc) failed to allocate 32744 bytes for ChunkPool::allocate
# Possible reasons:
#   The system is out of physical RAM or swap space
#   In 32 bit mode, the process size limit was hit
# Possible solutions:
#   Reduce memory load on the system
#   Increase physical memory or swap space
#   Check if swap backing store is full
#   Use 64 bit Java on a 64 bit OS
#   Decrease Java heap size (-Xmx/-Xms)
#   Decrease number of Java threads
#   Decrease Java thread stack sizes (-Xss)
#   Set larger code cache with -XX:ReservedCodeCacheSize=
# This output file may be truncated or incomplete.
#
#  Out of Memory Error (allocation.cpp:273), pid=6280, tid=8036
#
# JRE version: Java(TM) SE Runtime Environment (8.0_91-b14) (build 1.8.0_91-b14)
# Java VM: Java HotSpot(TM) 64-Bit Server VM (25.91-b14 mixed mode windows-amd64 compressed oops)
# Failed to write core dump. Minidumps are not enabled by default on client versions of Windows
#

---------------  T H R E A D  ---------------

Current thread (0x0000000056f32800):  JavaThread "C1 CompilerThread1" daemon [_thread_in_native, id=8036, stack(0x00000000569d0000,0x0000000056ad0000)]

Stack: [0x00000000569d0000,0x0000000056ad0000]
[error occurred during error reporting (printing stack bounds), id 0xc0000005]

Native frames: (J=compiled Java code, j=interpreted, Vv=VM code, C=native code)


Current CompileTask:
C1:  14940 1845       2       org.aspectj.apache.bcel.classfile.JavaClass::loadGenericSignatureInfoIfNecessary (75 bytes)


---------------  P R O C E S S  ---------------

Java Threads: ( => current thread )
  0x0000000056f28800 JavaThread "Service Thread" daemon [_thread_blocked, id=7076, stack(0x0000000057bf0000,0x0000000057cf0000)]
=>0x0000000056f32800 JavaThread "C1 CompilerThread1" daemon [_thread_in_native, id=8036, stack(0x00000000569d0000,0x0000000056ad0000)]
  0x0000000056f31800 JavaThread "C2 CompilerThread0" daemon [_thread_in_native, id=6648, stack(0x0000000057a50000,0x0000000057b50000)]
  0x0000000054da1800 JavaThread "JDWP Command Reader" daemon [_thread_in_native, id=7188, stack(0x0000000056af0000,0x0000000056bf0000)]
  0x0000000054d9c000 JavaThread "JDWP Event Helper Thread" daemon [_thread_blocked, id=6032, stack(0x0000000056820000,0x0000000056920000)]
  0x0000000054d98000 JavaThread "JDWP Transport Listener: dt_socket" daemon [_thread_blocked, id=8084, stack(0x00000000566d0000,0x00000000567d0000)]
  0x0000000054d7c800 JavaThread "Attach Listener" daemon [_thread_blocked, id=4216, stack(0x0000000055cb0000,0x0000000055db0000)]
  0x0000000054d7b000 JavaThread "Signal Dispatcher" daemon [_thread_blocked, id=1188, stack(0x00000000557e0000,0x00000000558e0000)]
  0x0000000054d65000 JavaThread "Finalizer" daemon [_thread_blocked, id=6968, stack(0x0000000055b80000,0x0000000055c80000)]
  0x0000000054d1c000 JavaThread "Reference Handler" daemon [_thread_blocked, id=6384, stack(0x0000000055a50000,0x0000000055b50000)]
  0x0000000001f36800 JavaThread "main" [_thread_in_vm, id=6664, stack(0x00000000022c0000,0x00000000023c0000)]

Other Threads:
  0x0000000054d13800 VMThread [stack: 0x0000000055940000,0x0000000055a40000] [id=3568]
  0x0000000056ee4800 WatcherThread [stack: 0x0000000057dd0000,0x0000000057ed0000] [id=2520]

VM state:not at safepoint (normal execution)

VM Mutex/Monitor currently owned by a thread: None

Heap:
 PSYoungGen      total 65024K, used 28204K [0x00000000eab00000, 0x00000000f4e00000, 0x0000000100000000)
  eden space 55808K, 34% used [0x00000000eab00000,0x00000000ebd92720,0x00000000ee180000)
  from space 9216K, 99% used [0x00000000ef400000,0x00000000efcf8b10,0x00000000efd00000)
  to   space 18944K, 0% used [0x00000000ee180000,0x00000000ee180000,0x00000000ef400000)
 ParOldGen       total 44032K, used 29920K [0x00000000c0000000, 0x00000000c2b00000, 0x00000000eab00000)
  object space 44032K, 67% used [0x00000000c0000000,0x00000000c1d383d0,0x00000000c2b00000)
 Metaspace       used 16467K, capacity 16566K, committed 16896K, reserved 1064960K
  class space    used 1727K, capacity 1745K, committed 1792K, reserved 1048576K

Card table byte_map: [0x0000000011b50000,0x0000000011d60000] byte_map_base: 0x0000000011550000

Marking Bits: (ParMarkBitMap*) 0x0000000057982f70
 Begin Bits: [0x00000000121e0000, 0x00000000131e0000)
 End Bits:   [0x00000000131e0000, 0x00000000141e0000)

Polling page: 0x0000000000230000

CodeCache: size=245760Kb used=7768Kb max_used=7768Kb free=237991Kb
 bounds [0x0000000002790000, 0x0000000002f30000, 0x0000000011790000]
 total_blobs=2161 nmethods=1812 adapters=269
 compilation: enabled

Compilation events (10 events):
Event: 14.592 Thread 0x0000000056f32800 nmethod 1838 0x0000000002f28d90 code [0x0000000002f28f00, 0x0000000002f290c8]
Event: 14.592 Thread 0x0000000056f32800 1829       2       org.apache.xmlbeans.impl.piccolo.xml.PiccoloLexer::prepareComplexElement (95 bytes)
Event: 14.593 Thread 0x0000000056f32800 nmethod 1829 0x0000000002f29190 code [0x0000000002f29320, 0x0000000002f29718]
Event: 14.832 Thread 0x0000000056f32800 1841       2       org.apache.xmlbeans.impl.schema.SchemaParticleImpl::mutate (16 bytes)
Event: 14.832 Thread 0x0000000056f32800 nmethod 1841 0x0000000002f29c10 code [0x0000000002f29d80, 0x0000000002f29f88]
Event: 14.832 Thread 0x0000000056f32800 1842       2       org.apache.xmlbeans.impl.schema.SchemaPropertyImpl::mutate (16 bytes)
Event: 14.832 Thread 0x0000000056f32800 nmethod 1842 0x0000000002f2a090 code [0x0000000002f2a200, 0x0000000002f2a408]
Event: 14.894 Thread 0x0000000056f32800 1843       2       java.lang.reflect.Modifier::isPublic (12 bytes)
Event: 14.895 Thread 0x0000000056f32800 nmethod 1843 0x0000000002f2a510 code [0x0000000002f2a660, 0x0000000002f2a7b0]
Event: 14.902 Thread 0x0000000056f32800 1845       2       org.aspectj.apache.bcel.classfile.JavaClass::loadGenericSignatureInfoIfNecessary (75 bytes)

GC Heap History (10 events):
Event: 7.714 GC heap before
{Heap before GC invocations=4 (full 0):
 PSYoungGen      total 18944K, used 18943K [0x00000000eab00000, 0x00000000ed000000, 0x0000000100000000)
  eden space 16384K, 100% used [0x00000000eab00000,0x00000000ebb00000,0x00000000ebb00000)
  from space 2560K, 99% used [0x00000000ebb00000,0x00000000ebd7fdf0,0x00000000ebd80000)
  to   space 2560K, 0% used [0x00000000ecd80000,0x00000000ecd80000,0x00000000ed000000)
 ParOldGen       total 44032K, used 4817K [0x00000000c0000000, 0x00000000c2b00000, 0x00000000eab00000)
  object space 44032K, 10% used [0x00000000c0000000,0x00000000c04b4638,0x00000000c2b00000)
 Metaspace       used 10220K, capacity 10358K, committed 10624K, reserved 1058816K
  class space    used 1045K, capacity 1105K, committed 1152K, reserved 1048576K
Event: 7.734 GC heap after
Heap after GC invocations=4 (full 0):
 PSYoungGen      total 35328K, used 2544K [0x00000000eab00000, 0x00000000ed000000, 0x0000000100000000)
  eden space 32768K, 0% used [0x00000000eab00000,0x00000000eab00000,0x00000000ecb00000)
  from space 2560K, 99% used [0x00000000ecd80000,0x00000000ecffc010,0x00000000ed000000)
  to   space 2560K, 0% used [0x00000000ecb00000,0x00000000ecb00000,0x00000000ecd80000)
 ParOldGen       total 44032K, used 9097K [0x00000000c0000000, 0x00000000c2b00000, 0x00000000eab00000)
  object space 44032K, 20% used [0x00000000c0000000,0x00000000c08e2428,0x00000000c2b00000)
 Metaspace       used 10220K, capacity 10358K, committed 10624K, reserved 1058816K
  class space    used 1045K, capacity 1105K, committed 1152K, reserved 1048576K
}
Event: 9.048 GC heap before
{Heap before GC invocations=5 (full 0):
 PSYoungGen      total 35328K, used 35312K [0x00000000eab00000, 0x00000000ed000000, 0x0000000100000000)
  eden space 32768K, 100% used [0x00000000eab00000,0x00000000ecb00000,0x00000000ecb00000)
  from space 2560K, 99% used [0x00000000ecd80000,0x00000000ecffc010,0x00000000ed000000)
  to   space 2560K, 0% used [0x00000000ecb00000,0x00000000ecb00000,0x00000000ecd80000)
 ParOldGen       total 44032K, used 9097K [0x00000000c0000000, 0x00000000c2b00000, 0x00000000eab00000)
  object space 44032K, 20% used [0x00000000c0000000,0x00000000c08e2428,0x00000000c2b00000)
 Metaspace       used 11666K, capacity 11766K, committed 12032K, reserved 1060864K
  class space    used 1196K, capacity 1233K, committed 1280K, reserved 1048576K
Event: 9.102 GC heap after
Heap after GC invocations=5 (full 0):
 PSYoungGen      total 35328K, used 2544K [0x00000000eab00000, 0x00000000efd00000, 0x0000000100000000)
  eden space 32768K, 0% used [0x00000000eab00000,0x00000000eab00000,0x00000000ecb00000)
  from space 2560K, 99% used [0x00000000ecb00000,0x00000000ecd7c010,0x00000000ecd80000)
  to   space 9216K, 0% used [0x00000000ef400000,0x00000000ef400000,0x00000000efd00000)
 ParOldGen       total 44032K, used 14126K [0x00000000c0000000, 0x00000000c2b00000, 0x00000000eab00000)
  object space 44032K, 32% used [0x00000000c0000000,0x00000000c0dcb958,0x00000000c2b00000)
 Metaspace       used 11666K, capacity 11766K, committed 12032K, reserved 1060864K
  class space    used 1196K, capacity 1233K, committed 1280K, reserved 1048576K
}
Event: 10.878 GC heap before
{Heap before GC invocations=6 (full 0):
 PSYoungGen      total 35328K, used 35312K [0x00000000eab00000, 0x00000000efd00000, 0x0000000100000000)
  eden space 32768K, 100% used [0x00000000eab00000,0x00000000ecb00000,0x00000000ecb00000)
  from space 2560K, 99% used [0x00000000ecb00000,0x00000000ecd7c010,0x00000000ecd80000)
  to   space 9216K, 0% used [0x00000000ef400000,0x00000000ef400000,0x00000000efd00000)
 ParOldGen       total 44032K, used 14126K [0x00000000c0000000, 0x00000000c2b00000, 0x00000000eab00000)
  object space 44032K, 32% used [0x00000000c0000000,0x00000000c0dcb958,0x00000000c2b00000)
 Metaspace       used 13003K, capacity 13110K, committed 13440K, reserved 1060864K
  class space    used 1330K, capacity 1361K, committed 1408K, reserved 1048576K
Event: 10.930 GC heap after
Heap after GC invocations=6 (full 0):
 PSYoungGen      total 73728K, used 7965K [0x00000000eab00000, 0x00000000eff00000, 0x0000000100000000)
  eden space 64512K, 0% used [0x00000000eab00000,0x00000000eab00000,0x00000000eea00000)
  from space 9216K, 86% used [0x00000000ef400000,0x00000000efbc7658,0x00000000efd00000)
  to   space 10240K, 0% used [0x00000000eea00000,0x00000000eea00000,0x00000000ef400000)
 ParOldGen       total 44032K, used 14126K [0x00000000c0000000, 0x00000000c2b00000, 0x00000000eab00000)
  object space 44032K, 32% used [0x00000000c0000000,0x00000000c0dcb958,0x00000000c2b00000)
 Metaspace       used 13003K, capacity 13110K, committed 13440K, reserved 1060864K
  class space    used 1330K, capacity 1361K, committed 1408K, reserved 1048576K
}
Event: 12.792 GC heap before
{Heap before GC invocations=7 (full 0):
 PSYoungGen      total 73728K, used 72477K [0x00000000eab00000, 0x00000000eff00000, 0x0000000100000000)
  eden space 64512K, 100% used [0x00000000eab00000,0x00000000eea00000,0x00000000eea00000)
  from space 9216K, 86% used [0x00000000ef400000,0x00000000efbc7658,0x00000000efd00000)
  to   space 10240K, 0% used [0x00000000eea00000,0x00000000eea00000,0x00000000ef400000)
 ParOldGen       total 44032K, used 14126K [0x00000000c0000000, 0x00000000c2b00000, 0x00000000eab00000)
  object space 44032K, 32% used [0x00000000c0000000,0x00000000c0dcb958,0x00000000c2b00000)
 Metaspace       used 14942K, capacity 15062K, committed 15232K, reserved 1062912K
  class space    used 1531K, capacity 1585K, committed 1664K, reserved 1048576K
Event: 12.975 GC heap after
Heap after GC invocations=7 (full 0):
 PSYoungGen      total 74752K, used 10224K [0x00000000eab00000, 0x00000000eff00000, 0x0000000100000000)
  eden space 64512K, 0% used [0x00000000eab00000,0x00000000eab00000,0x00000000eea00000)
  from space 10240K, 99% used [0x00000000eea00000,0x00000000ef3fc3f0,0x00000000ef400000)
  to   space 9216K, 0% used [0x00000000ef400000,0x00000000ef400000,0x00000000efd00000)
 ParOldGen       total 44032K, used 22479K [0x00000000c0000000, 0x00000000c2b00000, 0x00000000eab00000)
  object space 44032K, 51% used [0x00000000c0000000,0x00000000c15f3c98,0x00000000c2b00000)
 Metaspace       used 14942K, capacity 15062K, committed 15232K, reserved 1062912K
  class space    used 1531K, capacity 1585K, committed 1664K, reserved 1048576K
}
Event: 13.986 GC heap before
{Heap before GC invocations=8 (full 0):
 PSYoungGen      total 74752K, used 74736K [0x00000000eab00000, 0x00000000eff00000, 0x0000000100000000)
  eden space 64512K, 100% used [0x00000000eab00000,0x00000000eea00000,0x00000000eea00000)
  from space 10240K, 99% used [0x00000000eea00000,0x00000000ef3fc3f0,0x00000000ef400000)
  to   space 9216K, 0% used [0x00000000ef400000,0x00000000ef400000,0x00000000efd00000)
 ParOldGen       total 44032K, used 22479K [0x00000000c0000000, 0x00000000c2b00000, 0x00000000eab00000)
  object space 44032K, 51% used [0x00000000c0000000,0x00000000c15f3c98,0x00000000c2b00000)
 Metaspace       used 16089K, capacity 16150K, committed 16384K, reserved 1064960K
  class space    used 1683K, capacity 1713K, committed 1792K, reserved 1048576K
Event: 14.285 GC heap after
Heap after GC invocations=8 (full 0):
 PSYoungGen      total 65024K, used 9186K [0x00000000eab00000, 0x00000000f4e00000, 0x0000000100000000)
  eden space 55808K, 0% used [0x00000000eab00000,0x00000000eab00000,0x00000000ee180000)
  from space 9216K, 99% used [0x00000000ef400000,0x00000000efcf8b10,0x00000000efd00000)
  to   space 18944K, 0% used [0x00000000ee180000,0x00000000ee180000,0x00000000ef400000)
 ParOldGen       total 44032K, used 29920K [0x00000000c0000000, 0x00000000c2b00000, 0x00000000eab00000)
  object space 44032K, 67% used [0x00000000c0000000,0x00000000c1d383d0,0x00000000c2b00000)
 Metaspace       used 16089K, capacity 16150K, committed 16384K, reserved 1064960K
  class space    used 1683K, capacity 1713K, committed 1792K, reserved 1048576K
}

Deoptimization events (10 events):
Event: 12.554 Thread 0x0000000001f36800 Uncommon trap: reason=class_check action=maybe_recompile pc=0x0000000002a4f778 method=java.io.BufferedInputStream.read1([BII)I @ 39
Event: 12.685 Thread 0x0000000001f36800 Uncommon trap: reason=unstable_if action=reinterpret pc=0x0000000002a174e0 method=java.util.HashMap.hash(Ljava/lang/Object;)I @ 1
Event: 13.332 Thread 0x0000000001f36800 Uncommon trap: reason=class_check action=maybe_recompile pc=0x0000000002ea60ac method=org.aspectj.weaver.Iterators$6.next()Ljava/lang/Object; @ 26
Event: 13.332 Thread 0x0000000001f36800 Uncommon trap: reason=class_check action=maybe_recompile pc=0x0000000002ea60ac method=org.aspectj.weaver.Iterators$6.next()Ljava/lang/Object; @ 26
Event: 13.352 Thread 0x0000000001f36800 Uncommon trap: reason=bimorphic action=maybe_recompile pc=0x0000000002d69c4c method=java.io.DataInputStream.readFully([BII)V @ 34
Event: 13.352 Thread 0x0000000001f36800 Uncommon trap: reason=bimorphic action=maybe_recompile pc=0x0000000002d69c4c method=java.io.DataInputStream.readFully([BII)V @ 34
Event: 13.352 Thread 0x0000000001f36800 Uncommon trap: reason=bimorphic action=maybe_recompile pc=0x0000000002d69c4c method=java.io.DataInputStream.readFully([BII)V @ 34
Event: 13.352 Thread 0x0000000001f36800 Uncommon trap: reason=bimorphic action=maybe_recompile pc=0x0000000002d69c4c method=java.io.DataInputStream.readFully([BII)V @ 34
Event: 13.772 Thread 0x0000000001f36800 Uncommon trap: reason=class_check action=maybe_recompile pc=0x0000000002a5dfe4 method=java.io.BufferedInputStream.read1([BII)I @ 39
Event: 13.785 Thread 0x0000000001f36800 Uncommon trap: reason=unstable_if action=reinterpret pc=0x0000000002d7d668 method=java.util.HashMap.resize()[Ljava/util/HashMap$Node; @ 206

Internal exceptions (10 events):
Event: 13.186 Thread 0x0000000001f36800 Exception <a 'java/security/PrivilegedActionException'> (0x00000000ebe6d568) thrown at [C:\re\workspace\8-2-build-windows-amd64-cygwin\jdk8u91\6644\hotspot\src\share\vm\prims\jvm.cpp, line 1386]
Event: 13.188 Thread 0x0000000001f36800 Exception <a 'java/security/PrivilegedActionException'> (0x00000000ebe6db48) thrown at [C:\re\workspace\8-2-build-windows-amd64-cygwin\jdk8u91\6644\hotspot\src\share\vm\prims\jvm.cpp, line 1386]
Event: 13.192 Thread 0x0000000001f36800 Exception <a 'java/security/PrivilegedActionException'> (0x00000000ebe85b00) thrown at [C:\re\workspace\8-2-build-windows-amd64-cygwin\jdk8u91\6644\hotspot\src\share\vm\prims\jvm.cpp, line 1386]
Event: 13.192 Thread 0x0000000001f36800 Exception <a 'java/security/PrivilegedActionException'> (0x00000000ebe860e0) thrown at [C:\re\workspace\8-2-build-windows-amd64-cygwin\jdk8u91\6644\hotspot\src\share\vm\prims\jvm.cpp, line 1386]
Event: 13.194 Thread 0x0000000001f36800 Exception <a 'java/security/PrivilegedActionException'> (0x00000000ebe8f9d8) thrown at [C:\re\workspace\8-2-build-windows-amd64-cygwin\jdk8u91\6644\hotspot\src\share\vm\prims\jvm.cpp, line 1386]
Event: 13.194 Thread 0x0000000001f36800 Exception <a 'java/security/PrivilegedActionException'> (0x00000000ebe8ffb8) thrown at [C:\re\workspace\8-2-build-windows-amd64-cygwin\jdk8u91\6644\hotspot\src\share\vm\prims\jvm.cpp, line 1386]
Event: 13.196 Thread 0x0000000001f36800 Exception <a 'java/security/PrivilegedActionException'> (0x00000000ebe99de0) thrown at [C:\re\workspace\8-2-build-windows-amd64-cygwin\jdk8u91\6644\hotspot\src\share\vm\prims\jvm.cpp, line 1386]
Event: 13.196 Thread 0x0000000001f36800 Exception <a 'java/security/PrivilegedActionException'> (0x00000000ebe9a3c0) thrown at [C:\re\workspace\8-2-build-windows-amd64-cygwin\jdk8u91\6644\hotspot\src\share\vm\prims\jvm.cpp, line 1386]
Event: 13.197 Thread 0x0000000001f36800 Exception <a 'java/security/PrivilegedActionException'> (0x00000000ebea4240) thrown at [C:\re\workspace\8-2-build-windows-amd64-cygwin\jdk8u91\6644\hotspot\src\share\vm\prims\jvm.cpp, line 1386]
Event: 13.197 Thread 0x0000000001f36800 Exception <a 'java/security/PrivilegedActionException'> (0x00000000ebea4820) thrown at [C:\re\workspace\8-2-build-windows-amd64-cygwin\jdk8u91\6644\hotspot\src\share\vm\prims\jvm.cpp, line 1386]

Events (10 events):
Event: 14.895 Thread 0x0000000001f36800 DEOPT PACKING pc=0x0000000002906834 sp=0x00000000023bc5e0
Event: 14.895 Thread 0x0000000001f36800 DEOPT UNPACKING pc=0x00000000027d787f sp=0x00000000023bc400 mode 1
Event: 14.902 loading class org/apache/poi/ss/usermodel/IndexedColors
Event: 14.902 loading class org/apache/poi/ss/usermodel/IndexedColors done
Event: 14.902 Thread 0x0000000001f36800 DEOPT PACKING pc=0x0000000002942471 sp=0x00000000023bbc90
Event: 14.902 Thread 0x0000000001f36800 DEOPT UNPACKING pc=0x00000000027d787f sp=0x00000000023bb9e0 mode 1
Event: 14.902 Thread 0x0000000001f36800 DEOPT PACKING pc=0x0000000002906a9c sp=0x00000000023bbd10
Event: 14.902 Thread 0x0000000001f36800 DEOPT UNPACKING pc=0x00000000027d787f sp=0x00000000023bbb30 mode 1
Event: 14.902 Thread 0x0000000001f36800 DEOPT PACKING pc=0x0000000002906834 sp=0x00000000023bbea0
Event: 14.902 Thread 0x0000000001f36800 DEOPT UNPACKING pc=0x00000000027d787f sp=0x00000000023bbcc0 mode 1


Dynamic libraries:
0x000000013f070000 - 0x000000013f0a7000 	C:\Program Files\Java\jdk1.8.0_91\bin\java.exe
0x0000000077180000 - 0x000000007732a000 	C:\Windows\SYSTEM32\ntdll.dll
0x0000000077060000 - 0x000000007717f000 	C:\Windows\system32\kernel32.dll
0x000007fefd200000 - 0x000007fefd26a000 	C:\Windows\system32\KERNELBASE.dll
0x000007fefea00000 - 0x000007fefeadb000 	C:\Windows\system32\ADVAPI32.dll
0x000007fefd2d0000 - 0x000007fefd36f000 	C:\Windows\system32\msvcrt.dll
0x000007fefeb80000 - 0x000007fefeb9f000 	C:\Windows\SYSTEM32\sechost.dll
0x000007feff360000 - 0x000007feff48d000 	C:\Windows\system32\RPCRT4.dll
0x0000000076f60000 - 0x000000007705a000 	C:\Windows\system32\USER32.dll
0x000007fefd370000 - 0x000007fefd3d7000 	C:\Windows\system32\GDI32.dll
0x000007fefee90000 - 0x000007fefee9e000 	C:\Windows\system32\LPK.dll
0x000007fefd460000 - 0x000007fefd52a000 	C:\Windows\system32\USP10.dll
0x000007fefb320000 - 0x000007fefb514000 	C:\Windows\WinSxS\amd64_microsoft.windows.common-controls_6595b64144ccf1df_6.0.7601.18837_none_fa3b1e3d17594757\COMCTL32.dll
0x000007fefd3e0000 - 0x000007fefd451000 	C:\Windows\system32\SHLWAPI.dll
0x000007fefd5b0000 - 0x000007fefd5de000 	C:\Windows\system32\IMM32.DLL
0x000007feff170000 - 0x000007feff279000 	C:\Windows\system32\MSCTF.dll
0x000007fefce00000 - 0x000007fefce25000 	C:\Windows\system32\vmwsci.dll
0x0000000077350000 - 0x0000000077357000 	C:\Windows\system32\PSAPI.DLL
0x0000000061db0000 - 0x0000000061e82000 	C:\Program Files\Java\jdk1.8.0_91\jre\bin\msvcr100.dll
0x0000000057170000 - 0x0000000057a03000 	C:\Program Files\Java\jdk1.8.0_91\jre\bin\server\jvm.dll
0x000007fef9ee0000 - 0x000007fef9ee9000 	C:\Windows\system32\WSOCK32.dll
0x000007fefd280000 - 0x000007fefd2cd000 	C:\Windows\system32\WS2_32.dll
0x000007fefd890000 - 0x000007fefd898000 	C:\Windows\system32\NSI.dll
0x000007fefa3b0000 - 0x000007fefa3eb000 	C:\Windows\system32\WINMM.dll
0x000007fefc150000 - 0x000007fefc15c000 	C:\Windows\system32\VERSION.dll
0x000000006fd60000 - 0x000000006fd6f000 	C:\Program Files\Java\jdk1.8.0_91\jre\bin\verify.dll
0x000000006f2c0000 - 0x000000006f2e9000 	C:\Program Files\Java\jdk1.8.0_91\jre\bin\java.dll
0x0000000062c90000 - 0x0000000062cc5000 	C:\Program Files\Java\jdk1.8.0_91\jre\bin\jdwp.dll
0x000000006f810000 - 0x000000006f818000 	C:\Program Files\Java\jdk1.8.0_91\jre\bin\npt.dll
0x0000000068520000 - 0x0000000068543000 	C:\Program Files\Java\jdk1.8.0_91\jre\bin\instrument.dll
0x000000006fba0000 - 0x000000006fbb6000 	C:\Program Files\Java\jdk1.8.0_91\jre\bin\zip.dll
0x000007fefda90000 - 0x000007fefe819000 	C:\Windows\system32\SHELL32.dll
0x000007fefd680000 - 0x000007fefd883000 	C:\Windows\system32\ole32.dll
0x000007fefced0000 - 0x000007fefcedf000 	C:\Windows\system32\profapi.dll
0x000000006f800000 - 0x000000006f809000 	C:\Program Files\Java\jdk1.8.0_91\jre\bin\dt_socket.dll
0x000007fefbb60000 - 0x000007fefbd61000 	C:\Program Files (x86)\Forefront TMG Client\FwcWsp64.dll
0x000007fefcf30000 - 0x000007fefcf6b000 	C:\Windows\system32\WINTRUST.dll
0x000007fefd090000 - 0x000007fefd1fd000 	C:\Windows\system32\CRYPT32.dll
0x000007fefcec0000 - 0x000007fefcecf000 	C:\Windows\system32\MSASN1.dll
0x000007fefbb40000 - 0x000007fefbb56000 	C:\Windows\system32\NETAPI32.dll
0x000007fefbfe0000 - 0x000007fefbfec000 	C:\Windows\system32\netutils.dll
0x000007fefc9f0000 - 0x000007fefca13000 	C:\Windows\system32\srvcli.dll
0x000007fefbb20000 - 0x000007fefbb35000 	C:\Windows\system32\wkscli.dll
0x000007fefbb10000 - 0x000007fefbb1c000 	C:\Windows\system32\DSROLE.DLL
0x000007fefb9e0000 - 0x000007fefbb05000 	C:\Windows\system32\DBGHELP.DLL
0x000007fefc630000 - 0x000007fefc685000 	C:\Windows\system32\mswsock.dll
0x0000000074c40000 - 0x0000000074c43000 	C:\Windows\system32\security.dll
0x000007fefca90000 - 0x000007fefca9b000 	C:\Windows\system32\SECUR32.DLL
0x000007fefcc60000 - 0x000007fefcc85000 	C:\Windows\system32\SSPICLI.DLL
0x000007fefbf70000 - 0x000007fefbf7a000 	C:\Windows\system32\credssp.dll
0x000007fefc5c0000 - 0x000007fefc612000 	C:\Windows\system32\msv1_0.DLL
0x000007fefc910000 - 0x000007fefc924000 	C:\Windows\system32\cryptdll.dll
0x000007fefb9c0000 - 0x000007fefb9c7000 	C:\Windows\System32\wshtcpip.dll
0x000000006ff30000 - 0x000000006ff4a000 	C:\Program Files\Java\jdk1.8.0_91\jre\bin\net.dll
0x000007fefc620000 - 0x000007fefc627000 	C:\Windows\System32\wship6.dll
0x000007fefc870000 - 0x000007fefc888000 	C:\Windows\system32\CRYPTSP.dll
0x000007fefc390000 - 0x000007fefc3d7000 	C:\Windows\system32\rsaenh.dll
0x000007fefcf70000 - 0x000007fefcf8e000 	C:\Windows\system32\USERENV.dll
0x000007fefccf0000 - 0x000007fefccff000 	C:\Windows\system32\CRYPTBASE.dll
0x000007fefa1a0000 - 0x000007fefa1c7000 	C:\Windows\system32\IPHLPAPI.DLL
0x000007fefa190000 - 0x000007fefa19b000 	C:\Windows\system32\WINNSI.DLL
0x000007fef9fb0000 - 0x000007fef9fc1000 	C:\Windows\system32\dhcpcsvc6.DLL
0x000007fef9f90000 - 0x000007fef9fa8000 	C:\Windows\system32\dhcpcsvc.DLL
0x000000006fef0000 - 0x000000006ff01000 	C:\Program Files\Java\jdk1.8.0_91\jre\bin\nio.dll

VM Arguments:
jvm_args: -agentlib:jdwp=transport=dt_socket,address=127.0.0.1:64702,suspend=y,server=n -Dbell.browser=chrome -Dbell.retryCount=0 -Dbell.handleAlertWhenOpenUrl=accept -Dselenide.timeout=15000 -Dselenide.browser=Autotest.common.utils.BellWebDriverProvider -Dselenide.holdBrowserOpen=false -Dallure.screenshot.afterStep=true -Dallure.screenshot.beforeStep=false -Dwebdriver.chrome.driver=Dependencies\chromedriver.exe -DtempDirectory=C:\Devel\autotests\autotests-UWeb-Mobile\target\temp\ -javaagent:C:\Users\KIryshkov\.m2\repository/org/aspectj/aspectjweaver/1.8.3/aspectjweaver-1.8.3.jar -Didea.testng.sm_runner -Dfile.encoding=UTF-8 
java_command: org.testng.RemoteTestNGStarter -port 64696 -usedefaultlisteners false -socket64697 @w@C:\Users\KIryshkov\AppData\Local\Temp\idea_working_dirs_testng.tmp -temp C:\Users\KIryshkov\AppData\Local\Temp\idea_testng.tmp
java_class_path (initial): C:\Program Files (x86)\JetBrains\IntelliJ IDEA Community Edition 2016.2\lib\idea_rt.jar;C:\Program Files (x86)\JetBrains\IntelliJ IDEA Community Edition 2016.2\plugins\testng\lib\testng-plugin.jar;C:\Program Files\Java\jdk1.8.0_91\jre\lib\charsets.jar;C:\Program Files\Java\jdk1.8.0_91\jre\lib\deploy.jar;C:\Program Files\Java\jdk1.8.0_91\jre\lib\ext\access-bridge-64.jar;C:\Program Files\Java\jdk1.8.0_91\jre\lib\ext\cldrdata.jar;C:\Program Files\Java\jdk1.8.0_91\jre\lib\ext\dnsns.jar;C:\Program Files\Java\jdk1.8.0_91\jre\lib\ext\jaccess.jar;C:\Program Files\Java\jdk1.8.0_91\jre\lib\ext\jfxrt.jar;C:\Program Files\Java\jdk1.8.0_91\jre\lib\ext\localedata.jar;C:\Program Files\Java\jdk1.8.0_91\jre\lib\ext\nashorn.jar;C:\Program Files\Java\jdk1.8.0_91\jre\lib\ext\sunec.jar;C:\Program Files\Java\jdk1.8.0_91\jre\lib\ext\sunjce_provider.jar;C:\Program Files\Java\jdk1.8.0_91\jre\lib\ext\sunmscapi.jar;C:\Program Files\Java\jdk1.8.0_91\jre\lib\ext\sunpkcs11.jar;C:\Program Files\Java\jdk1.8.0_91\jre\lib\ext\zipfs.jar;C:\Program Files\Java\jdk1.8.0_91\jre\lib\javaws.jar;C:\Program Files\Java\jdk1.8.0_91\jre\lib\jce.jar;C:\Program Files\Java\jdk1.8.0_91\jre\lib\jfr.jar;C:\Program Files\Java\jdk1.8.0_91\jre\lib\jfxswt.jar;C:\Program Files\Java\jdk1.8.0_91\jre\lib\jsse.jar;C:\Program Files\Java\jdk1.8.0_91\jre\lib\management-agent.jar;C:\Program Files\Java\jdk1.8.0_91\jre\lib\plugin.jar;C:\Program Files\Java\jdk1.8.0_91\jre\lib\resources.jar;C:\Program Files\Java\jdk1.8.0_91\jre\lib\rt.jar;C:\Devel\autotests\autotests-UWeb-Mobile\target\test-classes;C:\Devel\autotests\autotests-UWeb-Mobile\target\classes;C:\Users\KIryshkov\.m2\repository\Autotest\common\1.0-SNAPSHOT\common-1.0-SNAPSHOT.jar;C:\Users\KIryshkov\.m2\repository\com\codeborne\selenide\2.24\selenide-2.24.jar;C:\Users\KIryshkov\.m2\repository\com\google\guava\guava\18.0\guava-18.0.jar;C:\Users\KIryshkov\.m2\repository\commons-codec\commons-codec\1.9\commons-codec-1.9.jar;C:\Users\KIryshkov\.m2\rep
Launcher Type: SUN_STANDARD

Environment Variables:
JAVA_HOME=c:\Program Files\Java\jdk1.8.0_91\
PATH=C:\Python27\;C:\Python27\Scripts;C:\Windows;C:\Windows\System32;C:\Windows\System32\wbem;C:\Windows\System32\WindowsPowerShell\v1.0;C:\Windows\System32\Windows System Resource Manager\bin;C:\Windows\idmu\common;c:\Program Files\Java\jdk1.8.0_91\bin;C:\oracle\ora11\bin;C:\Program Files\Microsoft SQL Server\110\Tools\Binn;C:\Program Files (x86)\Microsoft Team Foundation Server 2010 Power Tools;C:\Program Files (x86)\Microsoft Team Foundation Server 2010 Power Tools\Best Practices Analyzer;C:\AMD_PREP\bin;C:\AMD_PREP\core\gn\src;C:\AMD_PREP\tuxedo\bin;C:\AMD_PREP\pb125dk;c:\Program Files (x86)\Microsoft SQL Server\100\Tools\Binn\VSShell\Common7\IDE;c:\Program Files (x86)\Microsoft SQL Server\100\Tools\Binn;c:\Program Files\Microsoft SQL Server\100\Tools\Binn;c:\Program Files (x86)\Microsoft SQL Server\100\DTS\Binn;C:\Tools;c:\apache-maven-3.3.9\bin;C:\Program Files\Microsoft\Web Platform Installer;C:\Program Files\TortoiseSVN\bin;C:\Program Files (x86)\Subversion\bin
USERNAME=KIryshkov
OS=Windows_NT
PROCESSOR_IDENTIFIER=Intel64 Family 6 Model 45 Stepping 7, GenuineIntel



---------------  S Y S T E M  ---------------

OS: Windows 7 , 64 bit Build 7601 (6.1.7601.23418)

CPU:total 2 (2 cores per cpu, 1 threads per core) family 6 model 45 stepping 7, cmov, cx8, fxsr, mmx, sse, sse2, sse3, ssse3, sse4.1, sse4.2, popcnt, avx, aes, clmul, tsc, tscinvbit, tscinv

Memory: 4k page, physical 4193848k(820004k free), swap 4191988k(5220k free)

vm_info: Java HotSpot(TM) 64-Bit Server VM (25.91-b14) for windows-amd64 JRE (1.8.0_91-b14), built on Apr  1 2016 00:58:32 by "java_re" with MS VC++ 10.0 (VS2010)

time: Tue Aug 02 11:59:44 2016
elapsed time: 14 seconds (0d 0h 0m 14s)

