#
# There is insufficient memory for the Java Runtime Environment to continue.
# Native memory allocation (malloc) failed to allocate 1443584 bytes for Chunk::new
# Possible reasons:
#   The system is out of physical RAM or swap space
#   In 32 bit mode, the process size limit was hit
# Possible solutions:
#   Reduce memory load on the system
#   Increase physical memory or swap space
#   Check if swap backing store is full
#   Use 64 bit Java on a 64 bit OS
#   Decrease Java heap size (-Xmx/-Xms)
#   Decrease number of Java threads
#   Decrease Java thread stack sizes (-Xss)
#   Set larger code cache with -XX:ReservedCodeCacheSize=
# This output file may be truncated or incomplete.
#
#  Out of Memory Error (allocation.cpp:390), pid=1524, tid=7328
#
# JRE version: Java(TM) SE Runtime Environment (8.0_91-b14) (build 1.8.0_91-b14)
# Java VM: Java HotSpot(TM) 64-Bit Server VM (25.91-b14 mixed mode windows-amd64 compressed oops)
# Failed to write core dump. Minidumps are not enabled by default on client versions of Windows
#

---------------  T H R E A D  ---------------

Current thread (0x0000000056b0d000):  JavaThread "C2 CompilerThread0" daemon [_thread_in_native, id=7328, stack(0x0000000056e10000,0x0000000056f10000)]

Stack: [0x0000000056e10000,0x0000000056f10000]
[error occurred during error reporting (printing stack bounds), id 0xc0000005]

Native frames: (J=compiled Java code, j=interpreted, Vv=VM code, C=native code)


Current CompileTask:
C2:  20236 2949       4       org.aspectj.weaver.bcel.BcelClassWeaver::match (342 bytes)


---------------  P R O C E S S  ---------------

Java Threads: ( => current thread )
  0x0000000058040800 JavaThread "Webdrivers killer thread" daemon [_thread_blocked, id=4544, stack(0x000000005c4e0000,0x000000005c5e0000)]
  0x0000000057c3f000 JavaThread "Exec Stream Pumper" daemon [_thread_in_native, id=7680, stack(0x000000005bed0000,0x000000005bfd0000)]
  0x000000005b129800 JavaThread "Exec Stream Pumper" daemon [_thread_in_native, id=4516, stack(0x000000005bdd0000,0x000000005bed0000)]
  0x0000000057a97800 JavaThread "UrlChecker-2" daemon [_thread_blocked, id=8220, stack(0x000000005b770000,0x000000005b870000)]
  0x000000005ac2d000 JavaThread "Exec Default Executor" daemon [_thread_in_native, id=3632, stack(0x000000005a670000,0x000000005a770000)]
  0x0000000056b0f000 JavaThread "Service Thread" daemon [_thread_blocked, id=4036, stack(0x0000000056ff0000,0x00000000570f0000)]
  0x0000000056b31800 JavaThread "C1 CompilerThread1" daemon [_thread_blocked, id=5548, stack(0x0000000056c40000,0x0000000056d40000)]
=>0x0000000056b0d000 JavaThread "C2 CompilerThread0" daemon [_thread_in_native, id=7328, stack(0x0000000056e10000,0x0000000056f10000)]
  0x0000000054b31800 JavaThread "JDWP Command Reader" daemon [_thread_in_native, id=4580, stack(0x0000000056450000,0x0000000056550000)]
  0x0000000054b2b800 JavaThread "JDWP Event Helper Thread" daemon [_thread_blocked, id=5088, stack(0x0000000056740000,0x0000000056840000)]
  0x0000000054b28800 JavaThread "JDWP Transport Listener: dt_socket" daemon [_thread_blocked, id=4528, stack(0x0000000056590000,0x0000000056690000)]
  0x0000000054b19800 JavaThread "Attach Listener" daemon [_thread_blocked, id=8180, stack(0x0000000055b40000,0x0000000055c40000)]
  0x0000000054b14000 JavaThread "Signal Dispatcher" daemon [_thread_blocked, id=1764, stack(0x00000000559e0000,0x0000000055ae0000)]
  0x0000000054af3800 JavaThread "Finalizer" daemon [_thread_blocked, id=8048, stack(0x00000000558a0000,0x00000000559a0000)]
  0x0000000054aaa800 JavaThread "Reference Handler" daemon [_thread_blocked, id=8312, stack(0x0000000055760000,0x0000000055860000)]
  0x0000000001fb5800 JavaThread "Forwarding get on session a70f404e21d33d2662ef9b7e47df1b6b to remote" [_thread_in_native, id=3012, stack(0x00000000020b0000,0x00000000021b0000)]

Other Threads:
  0x0000000054aa2000 VMThread [stack: 0x00000000555e0000,0x00000000556e0000] [id=4596]
  0x0000000056b56800 WatcherThread [stack: 0x0000000057170000,0x0000000057270000] [id=1720]

VM state:not at safepoint (normal execution)

VM Mutex/Monitor currently owned by a thread: None

Heap:
 PSYoungGen      total 275456K, used 148450K [0x00000000eab00000, 0x00000000fd800000, 0x0000000100000000)
  eden space 254976K, 58% used [0x00000000eab00000,0x00000000f3bf88c8,0x00000000fa400000)
  from space 20480K, 0% used [0x00000000fbc00000,0x00000000fbc00000,0x00000000fd000000)
  to   space 24576K, 0% used [0x00000000fa400000,0x00000000fa400000,0x00000000fbc00000)
 ParOldGen       total 68608K, used 36074K [0x00000000c0000000, 0x00000000c4300000, 0x00000000eab00000)
  object space 68608K, 52% used [0x00000000c0000000,0x00000000c233a930,0x00000000c4300000)
 Metaspace       used 25684K, capacity 25912K, committed 26112K, reserved 1073152K
  class space    used 2965K, capacity 3054K, committed 3072K, reserved 1048576K

Card table byte_map: [0x0000000011980000,0x0000000011b90000] byte_map_base: 0x0000000011380000

Marking Bits: (ParMarkBitMap*) 0x0000000070392f70
 Begin Bits: [0x0000000011f70000, 0x0000000012f70000)
 End Bits:   [0x0000000012f70000, 0x0000000013f70000)

Polling page: 0x0000000000140000

CodeCache: size=245760Kb used=10177Kb max_used=10204Kb free=235582Kb
 bounds [0x00000000025c0000, 0x0000000002ff0000, 0x00000000115c0000]
 total_blobs=3198 nmethods=2774 adapters=344
 compilation: enabled

Compilation events (10 events):
Event: 20.048 Thread 0x0000000056b31800 2966       1       sun.util.locale.BaseLocale::getRegion (5 bytes)
Event: 20.048 Thread 0x0000000056b31800 nmethod 2966 0x0000000002853710 code [0x0000000002853860, 0x0000000002853970]
Event: 20.049 Thread 0x0000000056b31800 2967       1       java.util.Formatter::access$000 (5 bytes)
Event: 20.049 Thread 0x0000000056b31800 nmethod 2967 0x00000000026cff90 code [0x00000000026d00e0, 0x00000000026d01d0]
Event: 20.055 Thread 0x0000000056b31800 2968       2       org.aspectj.apache.bcel.generic.MethodGen::addException (10 bytes)
Event: 20.056 Thread 0x0000000056b31800 nmethod 2968 0x00000000026cf910 code [0x00000000026cfa80, 0x00000000026cfd28]
Event: 20.058 Thread 0x0000000056b31800 2975       2       java.util.Locale::hashCode (41 bytes)
Event: 20.059 Thread 0x0000000056b31800 nmethod 2975 0x00000000026cf490 code [0x00000000026cf600, 0x00000000026cf7f8]
Event: 20.060 Thread 0x0000000056b31800 2976       1       org.apache.http.message.BasicHeader::getName (5 bytes)
Event: 20.060 Thread 0x0000000056b31800 nmethod 2976 0x000000000299b610 code [0x000000000299b760, 0x000000000299b870]

GC Heap History (10 events):
Event: 6.296 GC heap before
{Heap before GC invocations=5 (full 0):
 PSYoungGen      total 68096K, used 68064K [0x00000000eab00000, 0x00000000ef000000, 0x0000000100000000)
  eden space 65536K, 100% used [0x00000000eab00000,0x00000000eeb00000,0x00000000eeb00000)
  from space 2560K, 98% used [0x00000000eed80000,0x00000000eeff8020,0x00000000ef000000)
  to   space 2560K, 0% used [0x00000000eeb00000,0x00000000eeb00000,0x00000000eed80000)
 ParOldGen       total 44032K, used 10293K [0x00000000c0000000, 0x00000000c2b00000, 0x00000000eab00000)
  object space 44032K, 23% used [0x00000000c0000000,0x00000000c0a0d500,0x00000000c2b00000)
 Metaspace       used 14368K, capacity 14482K, committed 14592K, reserved 1062912K
  class space    used 1475K, capacity 1521K, committed 1536K, reserved 1048576K
Event: 6.341 GC heap after
Heap after GC invocations=5 (full 0):
 PSYoungGen      total 68096K, used 2528K [0x00000000eab00000, 0x00000000f4800000, 0x0000000100000000)
  eden space 65536K, 0% used [0x00000000eab00000,0x00000000eab00000,0x00000000eeb00000)
  from space 2560K, 98% used [0x00000000eeb00000,0x00000000eed78020,0x00000000eed80000)
  to   space 14848K, 0% used [0x00000000f3980000,0x00000000f3980000,0x00000000f4800000)
 ParOldGen       total 44032K, used 22792K [0x00000000c0000000, 0x00000000c2b00000, 0x00000000eab00000)
  object space 44032K, 51% used [0x00000000c0000000,0x00000000c1642060,0x00000000c2b00000)
 Metaspace       used 14368K, capacity 14482K, committed 14592K, reserved 1062912K
  class space    used 1475K, capacity 1521K, committed 1536K, reserved 1048576K
}
Event: 7.096 GC heap before
{Heap before GC invocations=6 (full 0):
 PSYoungGen      total 68096K, used 68064K [0x00000000eab00000, 0x00000000f4800000, 0x0000000100000000)
  eden space 65536K, 100% used [0x00000000eab00000,0x00000000eeb00000,0x00000000eeb00000)
  from space 2560K, 98% used [0x00000000eeb00000,0x00000000eed78020,0x00000000eed80000)
  to   space 14848K, 0% used [0x00000000f3980000,0x00000000f3980000,0x00000000f4800000)
 ParOldGen       total 44032K, used 22792K [0x00000000c0000000, 0x00000000c2b00000, 0x00000000eab00000)
  object space 44032K, 51% used [0x00000000c0000000,0x00000000c1642060,0x00000000c2b00000)
 Metaspace       used 15507K, capacity 15602K, committed 15744K, reserved 1062912K
  class space    used 1594K, capacity 1617K, committed 1664K, reserved 1048576K
Event: 7.205 GC heap after
Heap after GC invocations=6 (full 0):
 PSYoungGen      total 144384K, used 11596K [0x00000000eab00000, 0x00000000f4b00000, 0x0000000100000000)
  eden space 129536K, 0% used [0x00000000eab00000,0x00000000eab00000,0x00000000f2980000)
  from space 14848K, 78% used [0x00000000f3980000,0x00000000f44d31c0,0x00000000f4800000)
  to   space 16384K, 0% used [0x00000000f2980000,0x00000000f2980000,0x00000000f3980000)
 ParOldGen       total 44032K, used 22792K [0x00000000c0000000, 0x00000000c2b00000, 0x00000000eab00000)
  object space 44032K, 51% used [0x00000000c0000000,0x00000000c1642060,0x00000000c2b00000)
 Metaspace       used 15507K, capacity 15602K, committed 15744K, reserved 1062912K
  class space    used 1594K, capacity 1617K, committed 1664K, reserved 1048576K
}
Event: 8.654 GC heap before
{Heap before GC invocations=7 (full 0):
 PSYoungGen      total 144384K, used 141132K [0x00000000eab00000, 0x00000000f4b00000, 0x0000000100000000)
  eden space 129536K, 100% used [0x00000000eab00000,0x00000000f2980000,0x00000000f2980000)
  from space 14848K, 78% used [0x00000000f3980000,0x00000000f44d31c0,0x00000000f4800000)
  to   space 16384K, 0% used [0x00000000f2980000,0x00000000f2980000,0x00000000f3980000)
 ParOldGen       total 44032K, used 22792K [0x00000000c0000000, 0x00000000c2b00000, 0x00000000eab00000)
  object space 44032K, 51% used [0x00000000c0000000,0x00000000c1642060,0x00000000c2b00000)
 Metaspace       used 18189K, capacity 18268K, committed 18432K, reserved 1064960K
  class space    used 1965K, capacity 2008K, committed 2048K, reserved 1048576K
Event: 8.701 GC heap after
Heap after GC invocations=7 (full 0):
 PSYoungGen      total 145920K, used 16365K [0x00000000eab00000, 0x00000000fd000000, 0x0000000100000000)
  eden space 129536K, 0% used [0x00000000eab00000,0x00000000eab00000,0x00000000f2980000)
  from space 16384K, 99% used [0x00000000f2980000,0x00000000f397b520,0x00000000f3980000)
  to   space 20480K, 0% used [0x00000000fbc00000,0x00000000fbc00000,0x00000000fd000000)
 ParOldGen       total 44032K, used 24828K [0x00000000c0000000, 0x00000000c2b00000, 0x00000000eab00000)
  object space 44032K, 56% used [0x00000000c0000000,0x00000000c183f1c0,0x00000000c2b00000)
 Metaspace       used 18189K, capacity 18268K, committed 18432K, reserved 1064960K
  class space    used 1965K, capacity 2008K, committed 2048K, reserved 1048576K
}
Event: 10.155 GC heap before
{Heap before GC invocations=8 (full 0):
 PSYoungGen      total 145920K, used 96348K [0x00000000eab00000, 0x00000000fd000000, 0x0000000100000000)
  eden space 129536K, 61% used [0x00000000eab00000,0x00000000ef91be28,0x00000000f2980000)
  from space 16384K, 99% used [0x00000000f2980000,0x00000000f397b520,0x00000000f3980000)
  to   space 20480K, 0% used [0x00000000fbc00000,0x00000000fbc00000,0x00000000fd000000)
 ParOldGen       total 44032K, used 24828K [0x00000000c0000000, 0x00000000c2b00000, 0x00000000eab00000)
  object space 44032K, 56% used [0x00000000c0000000,0x00000000c183f1c0,0x00000000c2b00000)
 Metaspace       used 20892K, capacity 21012K, committed 21296K, reserved 1069056K
  class space    used 2326K, capacity 2366K, committed 2432K, reserved 1048576K
Event: 10.198 GC heap after
Heap after GC invocations=8 (full 0):
 PSYoungGen      total 275456K, used 20448K [0x00000000eab00000, 0x00000000fd800000, 0x0000000100000000)
  eden space 254976K, 0% used [0x00000000eab00000,0x00000000eab00000,0x00000000fa400000)
  from space 20480K, 99% used [0x00000000fbc00000,0x00000000fcff8170,0x00000000fd000000)
  to   space 24576K, 0% used [0x00000000fa400000,0x00000000fa400000,0x00000000fbc00000)
 ParOldGen       total 44032K, used 26557K [0x00000000c0000000, 0x00000000c2b00000, 0x00000000eab00000)
  object space 44032K, 60% used [0x00000000c0000000,0x00000000c19ef4b0,0x00000000c2b00000)
 Metaspace       used 20892K, capacity 21012K, committed 21296K, reserved 1069056K
  class space    used 2326K, capacity 2366K, committed 2432K, reserved 1048576K
}
Event: 10.198 GC heap before
{Heap before GC invocations=9 (full 1):
 PSYoungGen      total 275456K, used 20448K [0x00000000eab00000, 0x00000000fd800000, 0x0000000100000000)
  eden space 254976K, 0% used [0x00000000eab00000,0x00000000eab00000,0x00000000fa400000)
  from space 20480K, 99% used [0x00000000fbc00000,0x00000000fcff8170,0x00000000fd000000)
  to   space 24576K, 0% used [0x00000000fa400000,0x00000000fa400000,0x00000000fbc00000)
 ParOldGen       total 44032K, used 26557K [0x00000000c0000000, 0x00000000c2b00000, 0x00000000eab00000)
  object space 44032K, 60% used [0x00000000c0000000,0x00000000c19ef4b0,0x00000000c2b00000)
 Metaspace       used 20892K, capacity 21012K, committed 21296K, reserved 1069056K
  class space    used 2326K, capacity 2366K, committed 2432K, reserved 1048576K
Event: 10.449 GC heap after
Heap after GC invocations=9 (full 1):
 PSYoungGen      total 275456K, used 0K [0x00000000eab00000, 0x00000000fd800000, 0x0000000100000000)
  eden space 254976K, 0% used [0x00000000eab00000,0x00000000eab00000,0x00000000fa400000)
  from space 20480K, 0% used [0x00000000fbc00000,0x00000000fbc00000,0x00000000fd000000)
  to   space 24576K, 0% used [0x00000000fa400000,0x00000000fa400000,0x00000000fbc00000)
 ParOldGen       total 68608K, used 36074K [0x00000000c0000000, 0x00000000c4300000, 0x00000000eab00000)
  object space 68608K, 52% used [0x00000000c0000000,0x00000000c233a930,0x00000000c4300000)
 Metaspace       used 20892K, capacity 21012K, committed 21296K, reserved 1069056K
  class space    used 2326K, capacity 2366K, committed 2432K, reserved 1048576K
}

Deoptimization events (10 events):
Event: 9.130 Thread 0x0000000001fb5800 Uncommon trap: reason=class_check action=maybe_recompile pc=0x0000000002d06168 method=org.aspectj.weaver.Iterators$6.next()Ljava/lang/Object; @ 26
Event: 9.130 Thread 0x0000000001fb5800 Uncommon trap: reason=class_check action=maybe_recompile pc=0x0000000002d06168 method=org.aspectj.weaver.Iterators$6.next()Ljava/lang/Object; @ 26
Event: 9.464 Thread 0x0000000001fb5800 Uncommon trap: reason=unstable_if action=reinterpret pc=0x00000000029dc620 method=java.lang.AbstractStringBuilder.append(Ljava/lang/String;)Ljava/lang/AbstractStringBuilder; @ 1
Event: 10.146 Thread 0x0000000001fb5800 Uncommon trap: reason=unstable_if action=reinterpret pc=0x0000000002d0a680 method=java.util.HashMap.putVal(ILjava/lang/Object;Ljava/lang/Object;ZZ)Ljava/lang/Object; @ 236
Event: 11.657 Thread 0x0000000001fb5800 Uncommon trap: reason=unstable_if action=reinterpret pc=0x0000000002740b00 method=java.lang.String.replace(CC)Ljava/lang/String; @ 2
Event: 13.339 Thread 0x0000000001fb5800 Uncommon trap: reason=class_check action=maybe_recompile pc=0x0000000002ed75cc method=org.aspectj.weaver.Iterators$6.hasNext()Z @ 4
Event: 13.339 Thread 0x0000000001fb5800 Uncommon trap: reason=class_check action=maybe_recompile pc=0x0000000002ed75cc method=org.aspectj.weaver.Iterators$6.hasNext()Z @ 4
Event: 13.357 Thread 0x0000000001fb5800 Uncommon trap: reason=class_check action=maybe_recompile pc=0x0000000002ed75cc method=org.aspectj.weaver.Iterators$6.hasNext()Z @ 4
Event: 13.357 Thread 0x0000000001fb5800 Uncommon trap: reason=class_check action=maybe_recompile pc=0x0000000002ed75cc method=org.aspectj.weaver.Iterators$6.hasNext()Z @ 4
Event: 19.330 Thread 0x0000000001fb5800 Uncommon trap: reason=predicate action=maybe_recompile pc=0x000000000286abd4 method=org.aspectj.weaver.TypeFactory.locateMatchingEndAngleBracket(Ljava/lang/CharSequence;I)I @ 25

Internal exceptions (10 events):
Event: 10.758 Thread 0x0000000001fb5800 Exception <a 'java/lang/NoSuchFieldError': method resolution failed> (0x00000000ead549d0) thrown at [C:\re\workspace\8-2-build-windows-amd64-cygwin\jdk8u91\6644\hotspot\src\share\vm\prims\methodHandles.cpp, line 1146]
Event: 12.206 Thread 0x0000000057a97800 Exception <a 'java/net/SocketTimeoutException': connect timed out> (0x00000000ef282178) thrown at [C:\re\workspace\8-2-build-windows-amd64-cygwin\jdk8u91\6644\hotspot\src\share\vm\prims\jni.cpp, line 735]
Event: 13.123 Thread 0x0000000001fb5800 Exception <a 'java/lang/ArrayIndexOutOfBoundsException'> (0x00000000f0dcb8b0) thrown at [C:\re\workspace\8-2-build-windows-amd64-cygwin\jdk8u91\6644\hotspot\src\share\vm\runtime\sharedRuntime.cpp, line 605]
Event: 13.123 Thread 0x0000000001fb5800 Exception <a 'java/lang/ArrayIndexOutOfBoundsException'> (0x00000000f0dccc40) thrown at [C:\re\workspace\8-2-build-windows-amd64-cygwin\jdk8u91\6644\hotspot\src\share\vm\runtime\sharedRuntime.cpp, line 605]
Event: 13.127 Thread 0x0000000001fb5800 Exception <a 'java/lang/ArrayIndexOutOfBoundsException'> (0x00000000f0deb638) thrown at [C:\re\workspace\8-2-build-windows-amd64-cygwin\jdk8u91\6644\hotspot\src\share\vm\runtime\sharedRuntime.cpp, line 605]
Event: 13.127 Thread 0x0000000001fb5800 Exception <a 'java/lang/ArrayIndexOutOfBoundsException'> (0x00000000f0ded190) thrown at [C:\re\workspace\8-2-build-windows-amd64-cygwin\jdk8u91\6644\hotspot\src\share\vm\runtime\sharedRuntime.cpp, line 605]
Event: 13.128 Thread 0x0000000001fb5800 Exception <a 'java/lang/ArrayIndexOutOfBoundsException'> (0x00000000f0dee8d8) thrown at [C:\re\workspace\8-2-build-windows-amd64-cygwin\jdk8u91\6644\hotspot\src\share\vm\runtime\sharedRuntime.cpp, line 605]
Event: 13.138 Thread 0x0000000001fb5800 Exception <a 'java/lang/ArrayIndexOutOfBoundsException'> (0x00000000f0e37a38) thrown at [C:\re\workspace\8-2-build-windows-amd64-cygwin\jdk8u91\6644\hotspot\src\share\vm\runtime\sharedRuntime.cpp, line 605]
Event: 13.322 Thread 0x0000000001fb5800 Exception <a 'java/lang/ArrayIndexOutOfBoundsException'> (0x00000000f1ceed88) thrown at [C:\re\workspace\8-2-build-windows-amd64-cygwin\jdk8u91\6644\hotspot\src\share\vm\runtime\sharedRuntime.cpp, line 605]
Event: 13.322 Thread 0x0000000001fb5800 Exception <a 'java/lang/ArrayIndexOutOfBoundsException'> (0x00000000f1cf06f8) thrown at [C:\re\workspace\8-2-build-windows-amd64-cygwin\jdk8u91\6644\hotspot\src\share\vm\runtime\sharedRuntime.cpp, line 605]

Events (10 events):
Event: 20.053 Thread 0x0000000001fb5800 DEOPT PACKING pc=0x000000000272063c sp=0x00000000021acb20
Event: 20.053 Thread 0x0000000001fb5800 DEOPT UNPACKING pc=0x000000000260787f sp=0x00000000021ac940 mode 1
Event: 20.053 Thread 0x0000000001fb5800 DEOPT PACKING pc=0x00000000027203d4 sp=0x00000000021accb0
Event: 20.053 Thread 0x0000000001fb5800 DEOPT UNPACKING pc=0x000000000260787f sp=0x00000000021acad0 mode 1
Event: 20.056 Thread 0x0000000056b31800 flushing nmethod 0x00000000028d54d0
Event: 20.059 Thread 0x0000000056b31800 flushing nmethod 0x000000000299b610
Event: 20.059 Thread 0x0000000001fb5800 DEOPT PACKING pc=0x0000000002f4ec54 sp=0x00000000021ad7b0
Event: 20.059 Thread 0x0000000001fb5800 DEOPT UNPACKING pc=0x000000000260787f sp=0x00000000021ad568 mode 1
Event: 20.077 loading class java/util/concurrent/ConcurrentLinkedQueue$Itr
Event: 20.078 loading class java/util/concurrent/ConcurrentLinkedQueue$Itr done


Dynamic libraries:
0x000000013fe90000 - 0x000000013fec7000 	C:\Program Files\Java\jdk1.8.0_91\bin\java.exe
0x00000000778b0000 - 0x0000000077a5a000 	C:\Windows\SYSTEM32\ntdll.dll
0x0000000077790000 - 0x00000000778af000 	C:\Windows\system32\kernel32.dll
0x000007fefd8b0000 - 0x000007fefd91a000 	C:\Windows\system32\KERNELBASE.dll
0x000007feff7d0000 - 0x000007feff8ab000 	C:\Windows\system32\ADVAPI32.dll
0x000007feff620000 - 0x000007feff6bf000 	C:\Windows\system32\msvcrt.dll
0x000007fefe3e0000 - 0x000007fefe3ff000 	C:\Windows\SYSTEM32\sechost.dll
0x000007feff4f0000 - 0x000007feff61d000 	C:\Windows\system32\RPCRT4.dll
0x0000000077690000 - 0x000000007778a000 	C:\Windows\system32\USER32.dll
0x000007feff480000 - 0x000007feff4e7000 	C:\Windows\system32\GDI32.dll
0x000007fefe400000 - 0x000007fefe40e000 	C:\Windows\system32\LPK.dll
0x000007fefe230000 - 0x000007fefe2fa000 	C:\Windows\system32\USP10.dll
0x000007fefbac0000 - 0x000007fefbcb4000 	C:\Windows\WinSxS\amd64_microsoft.windows.common-controls_6595b64144ccf1df_6.0.7601.18837_none_fa3b1e3d17594757\COMCTL32.dll
0x000007feffae0000 - 0x000007feffb51000 	C:\Windows\system32\SHLWAPI.dll
0x000007feff380000 - 0x000007feff3ae000 	C:\Windows\system32\IMM32.DLL
0x000007feff6c0000 - 0x000007feff7c9000 	C:\Windows\system32\MSCTF.dll
0x000007fefd570000 - 0x000007fefd595000 	C:\Windows\system32\vmwsci.dll
0x0000000077a80000 - 0x0000000077a87000 	C:\Windows\system32\PSAPI.DLL
0x000000006cea0000 - 0x000000006cf72000 	C:\Program Files\Java\jdk1.8.0_91\jre\bin\msvcr100.dll
0x000000006fb80000 - 0x0000000070413000 	C:\Program Files\Java\jdk1.8.0_91\jre\bin\server\jvm.dll
0x000007fefa650000 - 0x000007fefa659000 	C:\Windows\system32\WSOCK32.dll
0x000007feff3b0000 - 0x000007feff3fd000 	C:\Windows\system32\WS2_32.dll
0x000007fefdef0000 - 0x000007fefdef8000 	C:\Windows\system32\NSI.dll
0x000007fefab20000 - 0x000007fefab5b000 	C:\Windows\system32\WINMM.dll
0x000007fefcff0000 - 0x000007fefcffc000 	C:\Windows\system32\VERSION.dll
0x000000006df80000 - 0x000000006df8f000 	C:\Program Files\Java\jdk1.8.0_91\jre\bin\verify.dll
0x000000006df50000 - 0x000000006df79000 	C:\Program Files\Java\jdk1.8.0_91\jre\bin\java.dll
0x000000006df00000 - 0x000000006df35000 	C:\Program Files\Java\jdk1.8.0_91\jre\bin\jdwp.dll
0x000000006def0000 - 0x000000006def8000 	C:\Program Files\Java\jdk1.8.0_91\jre\bin\npt.dll
0x000000006dce0000 - 0x000000006dd03000 	C:\Program Files\Java\jdk1.8.0_91\jre\bin\instrument.dll
0x000000006ded0000 - 0x000000006dee6000 	C:\Program Files\Java\jdk1.8.0_91\jre\bin\zip.dll
0x000007fefe5f0000 - 0x000007feff379000 	C:\Windows\system32\SHELL32.dll
0x000007fefda10000 - 0x000007fefdc13000 	C:\Windows\system32\ole32.dll
0x000007fefd630000 - 0x000007fefd63f000 	C:\Windows\system32\profapi.dll
0x000000006dec0000 - 0x000000006dec9000 	C:\Program Files\Java\jdk1.8.0_91\jre\bin\dt_socket.dll
0x000007fefc2d0000 - 0x000007fefc4d1000 	C:\Program Files (x86)\Forefront TMG Client\FwcWsp64.dll
0x000007fefd6f0000 - 0x000007fefd72b000 	C:\Windows\system32\WINTRUST.dll
0x000007fefd730000 - 0x000007fefd89d000 	C:\Windows\system32\CRYPT32.dll
0x000007fefd640000 - 0x000007fefd64f000 	C:\Windows\system32\MSASN1.dll
0x000007fefc2b0000 - 0x000007fefc2c6000 	C:\Windows\system32\NETAPI32.dll
0x000007fefc7a0000 - 0x000007fefc7ac000 	C:\Windows\system32\netutils.dll
0x000007fefd090000 - 0x000007fefd0b3000 	C:\Windows\system32\srvcli.dll
0x000007fefc290000 - 0x000007fefc2a5000 	C:\Windows\system32\wkscli.dll
0x000007fefc280000 - 0x000007fefc28c000 	C:\Windows\system32\DSROLE.DLL
0x000007fefc150000 - 0x000007fefc275000 	C:\Windows\system32\DBGHELP.DLL
0x000007fefcd80000 - 0x000007fefcdd5000 	C:\Windows\system32\mswsock.dll
0x00000000753b0000 - 0x00000000753b3000 	C:\Windows\system32\security.dll
0x000007fefd220000 - 0x000007fefd22b000 	C:\Windows\system32\SECUR32.DLL
0x000007fefd3d0000 - 0x000007fefd3f5000 	C:\Windows\system32\SSPICLI.DLL
0x000007fefc6d0000 - 0x000007fefc6da000 	C:\Windows\system32\credssp.dll
0x000007fefcd20000 - 0x000007fefcd72000 	C:\Windows\system32\msv1_0.DLL
0x000007fefd0c0000 - 0x000007fefd0d4000 	C:\Windows\system32\cryptdll.dll
0x000007fefc130000 - 0x000007fefc137000 	C:\Windows\System32\wshtcpip.dll
0x000000006ce50000 - 0x000000006ce6a000 	C:\Program Files\Java\jdk1.8.0_91\jre\bin\net.dll
0x000007fefd000000 - 0x000007fefd007000 	C:\Windows\System32\wship6.dll
0x000007fefcde0000 - 0x000007fefcdf8000 	C:\Windows\system32\CRYPTSP.dll
0x000007fefcad0000 - 0x000007fefcb17000 	C:\Windows\system32\rsaenh.dll
0x000007fefd980000 - 0x000007fefd99e000 	C:\Windows\system32\USERENV.dll
0x000007fefd460000 - 0x000007fefd46f000 	C:\Windows\system32\CRYPTBASE.dll
0x000007fefa8d0000 - 0x000007fefa8f7000 	C:\Windows\system32\IPHLPAPI.DLL
0x000007fefa8c0000 - 0x000007fefa8cb000 	C:\Windows\system32\WINNSI.DLL
0x000007fefa720000 - 0x000007fefa731000 	C:\Windows\system32\dhcpcsvc6.DLL
0x000007fefa700000 - 0x000007fefa718000 	C:\Windows\system32\dhcpcsvc.DLL
0x000000006ce30000 - 0x000000006ce41000 	C:\Program Files\Java\jdk1.8.0_91\jre\bin\nio.dll
0x000007fefcb60000 - 0x000007fefcbbb000 	C:\Windows\system32\DNSAPI.dll
0x000007fefa960000 - 0x000007fefa975000 	C:\Windows\system32\NLAapi.dll
0x000007fef8de0000 - 0x000007fef8df5000 	C:\Windows\system32\napinsp.dll
0x000007fef8e00000 - 0x000007fef8e19000 	C:\Windows\system32\pnrpnsp.dll
0x000007fef8dd0000 - 0x000007fef8ddb000 	C:\Windows\System32\winrnr.dll
0x000007fef8e20000 - 0x000007fef8e28000 	C:\Windows\system32\rasadhlp.dll
0x000007fef9810000 - 0x000007fef9863000 	C:\Windows\System32\fwpuclnt.dll
0x000000006ce00000 - 0x000000006ce24000 	C:\Program Files\Java\jdk1.8.0_91\jre\bin\sunec.dll
0x000007fefd400000 - 0x000007fefd457000 	C:\Windows\system32\apphelp.dll

VM Arguments:
jvm_args: -agentlib:jdwp=transport=dt_socket,address=127.0.0.1:65052,suspend=y,server=n -Dbell.browser=chrome -Dbell.retryCount=0 -Dbell.handleAlertWhenOpenUrl=accept -Dselenide.timeout=15000 -Dselenide.browser=Autotest.common.utils.BellWebDriverProvider -Dselenide.holdBrowserOpen=false -Dallure.screenshot.afterStep=true -Dallure.screenshot.beforeStep=false -Dwebdriver.chrome.driver=Dependencies\chromedriver.exe -DtempDirectory=C:\Devel\autotests\autotests-UWeb-Mobile\target\temp\ -javaagent:C:\Users\KIryshkov\.m2\repository/org/aspectj/aspectjweaver/1.8.3/aspectjweaver-1.8.3.jar -Didea.testng.sm_runner -Dfile.encoding=UTF-8 
java_command: org.testng.RemoteTestNGStarter -port 65050 -usedefaultlisteners false -socket65051 @w@C:\Users\KIryshkov\AppData\Local\Temp\idea_working_dirs_testng1.tmp -temp C:\Users\KIryshkov\AppData\Local\Temp\idea_testng1.tmp
java_class_path (initial): C:\Program Files (x86)\JetBrains\IntelliJ IDEA Community Edition 2016.1.1\lib\idea_rt.jar;C:\Program Files (x86)\JetBrains\IntelliJ IDEA Community Edition 2016.1.1\plugins\testng\lib\testng-plugin.jar;C:\Program Files\Java\jdk1.8.0_91\jre\lib\charsets.jar;C:\Program Files\Java\jdk1.8.0_91\jre\lib\deploy.jar;C:\Program Files\Java\jdk1.8.0_91\jre\lib\ext\access-bridge-64.jar;C:\Program Files\Java\jdk1.8.0_91\jre\lib\ext\cldrdata.jar;C:\Program Files\Java\jdk1.8.0_91\jre\lib\ext\dnsns.jar;C:\Program Files\Java\jdk1.8.0_91\jre\lib\ext\jaccess.jar;C:\Program Files\Java\jdk1.8.0_91\jre\lib\ext\jfxrt.jar;C:\Program Files\Java\jdk1.8.0_91\jre\lib\ext\localedata.jar;C:\Program Files\Java\jdk1.8.0_91\jre\lib\ext\nashorn.jar;C:\Program Files\Java\jdk1.8.0_91\jre\lib\ext\sunec.jar;C:\Program Files\Java\jdk1.8.0_91\jre\lib\ext\sunjce_provider.jar;C:\Program Files\Java\jdk1.8.0_91\jre\lib\ext\sunmscapi.jar;C:\Program Files\Java\jdk1.8.0_91\jre\lib\ext\sunpkcs11.jar;C:\Program Files\Java\jdk1.8.0_91\jre\lib\ext\zipfs.jar;C:\Program Files\Java\jdk1.8.0_91\jre\lib\javaws.jar;C:\Program Files\Java\jdk1.8.0_91\jre\lib\jce.jar;C:\Program Files\Java\jdk1.8.0_91\jre\lib\jfr.jar;C:\Program Files\Java\jdk1.8.0_91\jre\lib\jfxswt.jar;C:\Program Files\Java\jdk1.8.0_91\jre\lib\jsse.jar;C:\Program Files\Java\jdk1.8.0_91\jre\lib\management-agent.jar;C:\Program Files\Java\jdk1.8.0_91\jre\lib\plugin.jar;C:\Program Files\Java\jdk1.8.0_91\jre\lib\resources.jar;C:\Program Files\Java\jdk1.8.0_91\jre\lib\rt.jar;C:\Devel\autotests\autotests-UWeb-Mobile\target\test-classes;C:\Devel\autotests\autotests-UWeb-Mobile\target\classes;C:\Users\KIryshkov\.m2\repository\Autotest\common\1.0-SNAPSHOT\common-1.0-SNAPSHOT.jar;C:\Users\KIryshkov\.m2\repository\com\codeborne\selenide\2.24\selenide-2.24.jar;C:\Users\KIryshkov\.m2\repository\com\google\guava\guava\18.0\guava-18.0.jar;C:\Users\KIryshkov\.m2\repository\commons-codec\commons-codec\1.9\commons-codec-1.9.jar;C:\Users\KIryshkov\.m2
Launcher Type: SUN_STANDARD

Environment Variables:
JAVA_HOME=c:\Program Files\Java\jdk1.8.0_91\
PATH=C:\Windows;C:\Windows\System32;C:\Windows\System32\wbem;C:\Windows\System32\WindowsPowerShell\v1.0;C:\Windows\System32\Windows System Resource Manager\bin;C:\Windows\idmu\common;c:\Java\jdk\bin;C:\oracle\ora11\bin;C:\Program Files\Microsoft SQL Server\110\Tools\Binn;C:\Program Files (x86)\Microsoft Team Foundation Server 2010 Power Tools;C:\Program Files (x86)\Microsoft Team Foundation Server 2010 Power Tools\Best Practices Analyzer;C:\AMD_PREP\bin;C:\AMD_PREP\core\gn\src;C:\AMD_PREP\tuxedo\bin;C:\AMD_PREP\pb125dk;c:\Program Files (x86)\Microsoft SQL Server\100\Tools\Binn\VSShell\Common7\IDE;c:\Program Files (x86)\Microsoft SQL Server\100\Tools\Binn;c:\Program Files\Microsoft SQL Server\100\Tools\Binn;c:\Program Files (x86)\Microsoft SQL Server\100\DTS\Binn;C:\Tools;c:\apache-maven-3.3.9\bin;C:\Program Files\Microsoft\Web Platform Installer;C:\Program Files\TortoiseSVN\bin;C:\Program Files (x86)\Subversion\bin
USERNAME=KIryshkov
OS=Windows_NT
PROCESSOR_IDENTIFIER=Intel64 Family 6 Model 45 Stepping 7, GenuineIntel



---------------  S Y S T E M  ---------------

OS: Windows 7 , 64 bit Build 7601 (6.1.7601.23418)

CPU:total 2 (2 cores per cpu, 1 threads per core) family 6 model 45 stepping 7, cmov, cx8, fxsr, mmx, sse, sse2, sse3, ssse3, sse4.1, sse4.2, popcnt, avx, aes, clmul, tsc, tscinvbit, tscinv

Memory: 4k page, physical 4193848k(191404k free), swap 5044660k(5132k free)

vm_info: Java HotSpot(TM) 64-Bit Server VM (25.91-b14) for windows-amd64 JRE (1.8.0_91-b14), built on Apr  1 2016 00:58:32 by "java_re" with MS VC++ 10.0 (VS2010)

time: Fri Jul 01 12:02:23 2016
elapsed time: 20 seconds (0d 0h 0m 20s)

