JvmtiExport can_access_local_variables 0
JvmtiExport can_hotswap_or_post_breakpoint 1
JvmtiExport can_post_on_exceptions 0
# 512 ciObject found
instanceKlass org/apache/http/protocol/RequestUserAgent
instanceKlass org/apache/http/protocol/RequestTargetHost
instanceKlass org/apache/http/protocol/ImmutableHttpProcessor
instanceKlass org/apache/http/util/VersionInfo
instanceKlass org/apache/http/impl/client/DefaultUserTokenHandler
instanceKlass org/apache/http/client/AuthCache
instanceKlass org/apache/http/impl/client/AuthenticationStrategyImpl
instanceKlass org/apache/http/HeaderElementIterator
instanceKlass org/apache/http/impl/client/DefaultConnectionKeepAliveStrategy
instanceKlass org/apache/http/HeaderIterator
instanceKlass org/apache/http/TokenIterator
instanceKlass org/apache/http/impl/DefaultConnectionReuseStrategy
instanceKlass org/apache/http/protocol/HttpRequestExecutor
instanceKlass org/apache/http/impl/conn/DefaultRoutePlanner
instanceKlass org/apache/http/client/methods/Configurable
instanceKlass org/apache/http/impl/client/CloseableHttpClient
instanceKlass org/apache/http/client/CookieStore
instanceKlass org/apache/http/client/HttpRequestRetryHandler
instanceKlass org/apache/http/protocol/HttpProcessor
instanceKlass org/apache/http/HttpResponseInterceptor
instanceKlass org/apache/http/HttpRequestInterceptor
instanceKlass org/apache/http/client/UserTokenHandler
instanceKlass org/apache/http/client/AuthenticationStrategy
instanceKlass org/apache/http/conn/ConnectionKeepAliveStrategy
instanceKlass org/apache/http/ConnectionReuseStrategy
instanceKlass org/apache/http/impl/execchain/ClientExecChain
instanceKlass org/apache/http/impl/client/HttpClientBuilder
instanceKlass org/apache/http/client/config/RequestConfig$Builder
instanceKlass org/apache/http/client/config/RequestConfig
instanceKlass org/apache/http/config/SocketConfig$Builder
instanceKlass org/apache/http/config/SocketConfig
instanceKlass org/apache/http/impl/entity/StrictContentLengthStrategy
instanceKlass org/apache/http/impl/entity/LaxContentLengthStrategy
instanceKlass org/apache/http/impl/EnglishReasonPhraseCatalog
instanceKlass org/apache/http/HttpResponse
instanceKlass org/apache/http/HttpMessage
instanceKlass org/apache/http/ReasonPhraseCatalog
instanceKlass org/apache/http/impl/DefaultHttpResponseFactory
instanceKlass org/apache/http/StatusLine
instanceKlass org/apache/http/RequestLine
instanceKlass org/apache/http/Header
instanceKlass org/apache/http/ProtocolVersion
instanceKlass org/apache/http/message/BasicLineParser
instanceKlass org/apache/http/io/HttpMessageParser
instanceKlass org/apache/http/HttpResponseFactory
instanceKlass org/apache/http/message/LineParser
instanceKlass org/apache/http/impl/conn/DefaultHttpResponseParserFactory
instanceKlass org/apache/http/message/BasicLineFormatter
instanceKlass org/apache/http/io/HttpMessageWriter
instanceKlass org/apache/http/message/LineFormatter
instanceKlass org/apache/http/impl/io/DefaultHttpRequestWriterFactory
instanceKlass org/apache/http/impl/BHttpConnectionBase
instanceKlass org/apache/http/conn/ManagedHttpClientConnection
instanceKlass org/apache/http/HttpInetConnection
instanceKlass org/apache/http/HttpClientConnection
instanceKlass org/apache/http/HttpConnection
instanceKlass org/apache/http/entity/ContentLengthStrategy
instanceKlass org/apache/http/io/HttpMessageParserFactory
instanceKlass org/apache/http/io/HttpMessageWriterFactory
instanceKlass org/apache/http/impl/conn/ManagedHttpClientConnectionFactory
instanceKlass org/apache/http/conn/HttpConnectionFactory
instanceKlass org/apache/http/impl/conn/PoolingHttpClientConnectionManager$InternalConnectionFactory
instanceKlass org/apache/http/pool/PoolEntryCallback
instanceKlass java/util/concurrent/Future
instanceKlass org/apache/http/pool/RouteSpecificPool
instanceKlass org/apache/http/pool/AbstractConnPool
instanceKlass org/apache/http/pool/ConnPool
instanceKlass org/apache/http/impl/conn/PoolingHttpClientConnectionManager$ConfigData
instanceKlass org/apache/http/impl/conn/SystemDefaultDnsResolver
instanceKlass org/apache/http/impl/conn/DefaultSchemePortResolver
instanceKlass org/apache/http/protocol/HttpContext
instanceKlass org/apache/http/conn/DnsResolver
instanceKlass org/apache/http/impl/conn/DefaultHttpClientConnectionOperator
instanceKlass org/apache/http/pool/PoolEntry
instanceKlass org/apache/http/conn/ConnectionRequest
instanceKlass org/apache/http/concurrent/Cancellable
instanceKlass org/apache/http/conn/HttpClientConnectionOperator
instanceKlass org/apache/http/pool/ConnFactory
instanceKlass org/apache/http/impl/conn/PoolingHttpClientConnectionManager
instanceKlass org/apache/http/pool/ConnPoolControl
instanceKlass org/apache/http/config/Registry
instanceKlass org/apache/http/config/Lookup
instanceKlass javax/net/SocketFactory
instanceKlass org/apache/http/conn/util/PublicSuffixMatcher
instanceKlass org/apache/http/conn/util/PublicSuffixList
instanceKlass org/apache/http/Consts
instanceKlass org/apache/http/conn/util/PublicSuffixListParser
instanceKlass org/apache/http/conn/util/PublicSuffixMatcherLoader
instanceKlass org/apache/http/conn/ssl/DefaultHostnameVerifier
instanceKlass sun/security/krb5/Realm
instanceKlass sun/security/krb5/PrincipalName
instanceKlass sun/security/ssl/JsseJce$1
instanceKlass sun/security/ssl/JsseJce
instanceKlass sun/security/validator/KeyStores
instanceKlass javax/net/ssl/X509ExtendedTrustManager
instanceKlass javax/net/ssl/X509TrustManager
instanceKlass javax/net/ssl/TrustManager
instanceKlass sun/security/x509/AccessDescription
instanceKlass sun/security/x509/CertificatePolicyMap
instanceKlass sun/security/util/ECUtil
instanceKlass java/security/interfaces/ECPublicKey
instanceKlass java/security/interfaces/ECKey
instanceKlass sun/security/x509/DNSName
instanceKlass sun/security/x509/URIName
instanceKlass sun/security/x509/DistributionPoint
instanceKlass java/security/cert/PolicyQualifierInfo
instanceKlass sun/security/x509/CertificatePolicyId
instanceKlass sun/security/x509/PolicyInformation
instanceKlass sun/security/provider/JavaKeyStore$TrustedCertEntry
instanceKlass sun/security/provider/KeyStoreDelegator$1
instanceKlass java/security/KeyStoreSpi
instanceKlass sun/security/ssl/TrustManagerFactoryImpl$1
instanceKlass java/security/KeyStore$1
instanceKlass java/security/KeyStore
instanceKlass sun/security/ssl/TrustManagerFactoryImpl$2
instanceKlass javax/net/ssl/TrustManagerFactorySpi
instanceKlass javax/net/ssl/TrustManagerFactory$1
instanceKlass javax/net/ssl/TrustManagerFactory
instanceKlass javax/net/ssl/X509ExtendedKeyManager
instanceKlass javax/net/ssl/X509KeyManager
instanceKlass javax/net/ssl/KeyManager
instanceKlass sun/security/ssl/SSLSessionContextImpl$1
instanceKlass sun/security/ssl/SSLSessionContextImpl
instanceKlass javax/net/ssl/SSLSessionContext
instanceKlass sun/security/ssl/EphemeralKeyManager$EphemeralKeyPair
instanceKlass sun/security/ssl/EphemeralKeyManager
instanceKlass sun/security/util/DisabledAlgorithmConstraints$1
instanceKlass sun/security/util/DisabledAlgorithmConstraints$KeySizeConstraint
instanceKlass sun/security/util/DisabledAlgorithmConstraints$KeySizeConstraints
instanceKlass java/lang/invoke/LambdaForm$MH
instanceKlass sun/security/util/AbstractAlgorithmConstraints$$Lambda$1
instanceKlass java/lang/invoke/InfoFromMemberName
instanceKlass java/lang/invoke/MethodHandleInfo
instanceKlass sun/security/util/SecurityConstants
instanceKlass java/security/AccessController$1
instanceKlass java/lang/invoke/AbstractValidatingLambdaMetafactory
instanceKlass java/lang/invoke/LambdaForm$BMH
instanceKlass java/lang/invoke/LambdaForm$BMH
instanceKlass java/lang/invoke/LambdaForm$BMH
instanceKlass java/lang/invoke/LambdaForm$BMH
instanceKlass jdk/internal/org/objectweb/asm/FieldVisitor
instanceKlass java/lang/invoke/LambdaForm$BMH
instanceKlass java/lang/invoke/LambdaForm$MH
instanceKlass java/lang/invoke/LambdaForm$BMH
instanceKlass java/lang/invoke/LambdaForm$MH
instanceKlass java/lang/invoke/LambdaForm$DMH
instanceKlass java/lang/invoke/LambdaForm$DMH
instanceKlass java/lang/invoke/LambdaForm$BMH
instanceKlass java/lang/invoke/LambdaForm$BMH
instanceKlass java/lang/invoke/LambdaForm$MH
instanceKlass java/lang/invoke/LambdaFormBuffer
instanceKlass java/lang/invoke/LambdaFormEditor
instanceKlass java/lang/invoke/LambdaForm$BMH
instanceKlass java/lang/invoke/LambdaForm$DMH
instanceKlass java/lang/invoke/LambdaForm$DMH
instanceKlass java/lang/invoke/LambdaForm$DMH
instanceKlass java/lang/invoke/LambdaForm$DMH
instanceKlass java/lang/invoke/LambdaForm$MH
instanceKlass java/lang/invoke/LambdaForm$DMH
instanceKlass java/lang/invoke/LambdaForm$DMH
instanceKlass java/lang/invoke/LambdaForm$MH
instanceKlass java/lang/invoke/LambdaForm$DMH
instanceKlass java/lang/invoke/LambdaForm$DMH
instanceKlass java/lang/invoke/LambdaForm$MH
instanceKlass java/lang/invoke/LambdaForm$DMH
instanceKlass java/lang/invoke/LambdaForm$DMH
instanceKlass java/lang/invoke/LambdaForm$MH
instanceKlass java/lang/invoke/LambdaForm$DMH
instanceKlass java/lang/invoke/LambdaForm$DMH
instanceKlass java/lang/invoke/LambdaForm$MH
instanceKlass java/lang/invoke/LambdaForm$DMH
instanceKlass java/lang/invoke/LambdaForm$MH
instanceKlass java/lang/invoke/LambdaForm$DMH
instanceKlass java/lang/invoke/LambdaForm$DMH
instanceKlass java/lang/invoke/LambdaForm$MH
instanceKlass java/lang/invoke/LambdaForm$DMH
instanceKlass java/lang/invoke/LambdaForm$DMH
instanceKlass java/lang/invoke/LambdaForm$MH
instanceKlass java/lang/invoke/LambdaForm$DMH
instanceKlass java/lang/invoke/LambdaForm$MH
instanceKlass java/lang/invoke/LambdaForm$DMH
instanceKlass java/lang/invoke/LambdaForm$MH
instanceKlass java/lang/invoke/LambdaForm$DMH
instanceKlass java/lang/invoke/LambdaForm$DMH
instanceKlass java/lang/invoke/MethodHandleImpl$Lazy
instanceKlass java/lang/invoke/LambdaForm$BMH
instanceKlass java/lang/invoke/LambdaForm$MH
instanceKlass java/lang/invoke/LambdaForm$DMH
instanceKlass java/lang/invoke/LambdaForm$DMH
instanceKlass java/lang/invoke/LambdaForm$DMH
instanceKlass java/lang/invoke/LambdaForm$DMH
instanceKlass java/util/SubList$1
instanceKlass java/lang/invoke/LambdaForm$MH
instanceKlass java/lang/invoke/LambdaForm$MH
instanceKlass java/lang/invoke/LambdaForm$MH
instanceKlass java/lang/invoke/LambdaForm$MH
instanceKlass java/lang/invoke/LambdaForm$MH
instanceKlass java/lang/invoke/LambdaForm$MH
instanceKlass java/lang/invoke/LambdaForm$MH
instanceKlass java/lang/invoke/LambdaForm$MH
instanceKlass java/lang/invoke/LambdaForm$MH
instanceKlass java/lang/invoke/LambdaForm$MH
instanceKlass java/lang/invoke/LambdaForm$MH
instanceKlass java/lang/invoke/LambdaForm$MH
instanceKlass java/lang/invoke/InvokerBytecodeGenerator$CpPatch
instanceKlass java/lang/invoke/LambdaForm$DMH
instanceKlass java/lang/invoke/LambdaForm$DMH
instanceKlass java/lang/invoke/LambdaForm$DMH
instanceKlass java/lang/invoke/LambdaForm$DMH
instanceKlass java/lang/invoke/LambdaForm$DMH
instanceKlass sun/invoke/empty/Empty
instanceKlass sun/invoke/util/VerifyType
instanceKlass java/lang/invoke/InvokerBytecodeGenerator$2
instanceKlass jdk/internal/org/objectweb/asm/AnnotationVisitor
instanceKlass jdk/internal/org/objectweb/asm/Frame
instanceKlass jdk/internal/org/objectweb/asm/Label
instanceKlass jdk/internal/org/objectweb/asm/Type
instanceKlass jdk/internal/org/objectweb/asm/MethodVisitor
instanceKlass jdk/internal/org/objectweb/asm/Item
instanceKlass jdk/internal/org/objectweb/asm/ByteVector
instanceKlass jdk/internal/org/objectweb/asm/ClassVisitor
instanceKlass java/lang/invoke/InvokerBytecodeGenerator
instanceKlass java/lang/invoke/DirectMethodHandle$Lazy
instanceKlass sun/invoke/util/BytecodeDescriptor
instanceKlass java/lang/invoke/BoundMethodHandle$Factory
instanceKlass java/lang/invoke/BoundMethodHandle$SpeciesData
instanceKlass java/lang/invoke/LambdaForm$NamedFunction
instanceKlass java/lang/invoke/LambdaForm$Name
instanceKlass sun/invoke/util/ValueConversions
instanceKlass sun/invoke/util/VerifyAccess
instanceKlass java/lang/Short$ShortCache
instanceKlass java/lang/Byte$ByteCache
instanceKlass sun/invoke/util/Wrapper$Format
instanceKlass java/lang/invoke/MethodHandles
instanceKlass java/lang/invoke/Invokers
instanceKlass java/lang/invoke/MethodTypeForm
instanceKlass java/lang/invoke/MethodType$ConcurrentWeakInternSet
instanceKlass java/lang/invoke/MethodHandles$Lookup
instanceKlass java/lang/invoke/LambdaMetafactory
instanceKlass sun/security/util/AlgorithmDecomposer
instanceKlass sun/security/util/AbstractAlgorithmConstraints
instanceKlass sun/security/ssl/SSLAlgorithmConstraints
instanceKlass java/security/AlgorithmConstraints
instanceKlass sun/security/ssl/ProtocolVersion
instanceKlass javax/net/ssl/SSLParameters
instanceKlass sun/security/ssl/Debug
instanceKlass sun/security/ssl/SunJSSE$1
instanceKlass java/security/spec/ECFieldF2m
instanceKlass java/security/spec/ECParameterSpec
instanceKlass java/security/spec/AlgorithmParameterSpec
instanceKlass java/security/spec/ECPoint
instanceKlass java/security/spec/EllipticCurve
instanceKlass java/security/spec/ECFieldFp
instanceKlass java/security/spec/ECField
instanceKlass sun/security/ec/CurveDB
instanceKlass sun/security/ec/SunECEntries
instanceKlass sun/security/ec/SunEC$1
instanceKlass sun/security/util/ManifestEntryVerifier$SunProviderHolder
instanceKlass sun/nio/cs/Surrogate
instanceKlass sun/nio/cs/Surrogate$Parser
instanceKlass java/util/Base64$Encoder
instanceKlass java/util/Base64$Decoder
instanceKlass java/util/Base64
instanceKlass java/security/cert/CertPath
instanceKlass java/math/MutableBigInteger
instanceKlass sun/security/rsa/RSAPadding
instanceKlass sun/security/rsa/RSACore
instanceKlass sun/text/normalizer/NormalizerBase$1
instanceKlass sun/text/normalizer/NormalizerBase$QuickCheckResult
instanceKlass sun/text/normalizer/NormalizerBase$Mode
instanceKlass sun/text/normalizer/NormalizerBase
instanceKlass java/text/Normalizer
instanceKlass sun/security/pkcs/PKCS9Attribute
instanceKlass sun/security/x509/AVAKeyword
instanceKlass sun/security/jca/ServiceId
instanceKlass java/security/SignatureSpi
instanceKlass sun/security/pkcs/SignerInfo
instanceKlass java/security/interfaces/DSAPublicKey
instanceKlass java/security/interfaces/DSAKey
instanceKlass java/security/spec/DSAPublicKeySpec
instanceKlass java/security/AlgorithmParametersSpi
instanceKlass java/security/AlgorithmParameters
instanceKlass sun/security/util/MemoryCache$CacheEntry
instanceKlass sun/security/x509/X509AttributeName
instanceKlass sun/security/x509/RFC822Name
instanceKlass sun/security/x509/GeneralName
instanceKlass sun/security/x509/GeneralNames
instanceKlass sun/security/x509/KeyIdentifier
instanceKlass sun/security/x509/NetscapeCertTypeExtension$MapEntry
instanceKlass sun/security/x509/OIDMap$OIDInfo
instanceKlass sun/security/x509/PKIXExtensions
instanceKlass sun/security/x509/OIDMap
instanceKlass sun/security/x509/Extension
instanceKlass java/security/cert/Extension
instanceKlass sun/security/x509/CertificateExtensions
instanceKlass sun/security/pkcs/PKCS8Key
instanceKlass java/security/interfaces/RSAPrivateCrtKey
instanceKlass java/security/interfaces/RSAPrivateKey
instanceKlass java/security/PrivateKey
instanceKlass javax/security/auth/Destroyable
instanceKlass java/security/interfaces/RSAPublicKey
instanceKlass java/security/interfaces/RSAKey
instanceKlass java/security/spec/RSAPrivateKeySpec
instanceKlass java/security/spec/RSAPublicKeySpec
instanceKlass java/security/KeyFactorySpi
instanceKlass sun/security/jca/ProviderList$ServiceList$1
instanceKlass java/security/KeyFactory
instanceKlass java/security/spec/EncodedKeySpec
instanceKlass java/security/spec/KeySpec
instanceKlass sun/security/util/BitArray
instanceKlass sun/security/x509/X509Key
instanceKlass java/security/PublicKey
instanceKlass java/security/Key
instanceKlass sun/security/x509/CertificateX509Key
instanceKlass sun/security/x509/CertificateValidity
instanceKlass sun/security/x509/AVA
instanceKlass sun/security/x509/RDN
instanceKlass javax/security/auth/x500/X500Principal
instanceKlass sun/security/x509/X500Name$1
instanceKlass sun/security/x509/X500Name
instanceKlass sun/security/x509/GeneralNameInterface
instanceKlass sun/security/x509/CertificateAlgorithmId
instanceKlass sun/security/x509/SerialNumber
instanceKlass sun/security/x509/CertificateSerialNumber
instanceKlass sun/security/x509/CertificateVersion
instanceKlass sun/security/x509/X509CertInfo
instanceKlass sun/security/x509/CertAttrSet
instanceKlass sun/security/util/Cache$EqualByteArray
instanceKlass java/security/cert/X509Extension
instanceKlass sun/security/util/Cache
instanceKlass java/security/cert/CertificateFactorySpi
instanceKlass java/security/cert/CertificateFactory
instanceKlass sun/security/x509/AlgorithmId
instanceKlass sun/security/util/ByteArrayTagOrder
instanceKlass sun/security/util/ByteArrayLexOrder
instanceKlass sun/security/util/DerEncoder
instanceKlass sun/security/util/DerValue
instanceKlass sun/security/util/ObjectIdentifier
instanceKlass sun/security/pkcs/ContentInfo
instanceKlass sun/security/util/DerIndefLenConverter
instanceKlass sun/security/util/DerInputStream
instanceKlass sun/security/pkcs/PKCS7
instanceKlass sun/security/util/ManifestDigester$Entry
instanceKlass sun/security/util/ManifestDigester$Position
instanceKlass sun/security/util/ManifestDigester
instanceKlass sun/security/rsa/SunRsaSignEntries
instanceKlass javax/net/ssl/SSLContextSpi
instanceKlass javax/net/ssl/SSLContext
instanceKlass org/apache/http/ssl/SSLContexts
instanceKlass org/apache/http/conn/ssl/AbstractVerifier
instanceKlass org/apache/http/conn/ssl/X509HostnameVerifier
instanceKlass javax/net/ssl/HostnameVerifier
instanceKlass org/apache/http/conn/ssl/SSLConnectionSocketFactory
instanceKlass org/apache/http/conn/socket/LayeredConnectionSocketFactory
instanceKlass org/apache/http/util/TextUtils
instanceKlass org/apache/http/util/Args
instanceKlass org/apache/http/conn/socket/PlainConnectionSocketFactory
instanceKlass org/apache/http/conn/socket/ConnectionSocketFactory
instanceKlass org/apache/http/config/RegistryBuilder
instanceKlass org/apache/http/client/CredentialsProvider
instanceKlass org/apache/http/conn/routing/HttpRoutePlanner
instanceKlass org/apache/http/conn/SchemePortResolver
instanceKlass org/apache/http/client/RedirectStrategy
instanceKlass org/apache/http/conn/HttpClientConnectionManager
instanceKlass org/openqa/selenium/remote/internal/HttpClientFactory
instanceKlass org/openqa/selenium/remote/http/HttpClient
instanceKlass org/apache/http/client/HttpClient
instanceKlass org/apache/http/auth/Credentials
instanceKlass org/openqa/selenium/remote/internal/ApacheHttpClient$Factory
instanceKlass org/openqa/selenium/remote/CommandInfo
instanceKlass org/openqa/selenium/remote/http/HttpClient$Factory
instanceKlass org/openqa/selenium/logging/LogEntry
instanceKlass org/openqa/selenium/remote/HttpCommandExecutor
instanceKlass org/openqa/selenium/logging/NeedsLocalLogs
instanceKlass java/nio/channels/WritableByteChannel
instanceKlass java/nio/channels/Channel
instanceKlass org/openqa/selenium/io/FileHandler$Filter
instanceKlass org/openqa/selenium/io/FileHandler
instanceKlass com/google/common/collect/Iterators$2
instanceKlass com/google/common/collect/PeekingIterator
instanceKlass com/google/common/collect/Iterators
instanceKlass com/google/common/collect/Platform
instanceKlass com/google/common/collect/CollectPreconditions
instanceKlass com/google/common/collect/ImmutableCollection$Builder
instanceKlass java/io/FilenameFilter
instanceKlass com/google/common/collect/Hashing
instanceKlass org/openqa/selenium/os/ExecutableFinder
instanceKlass org/openqa/selenium/os/OsProcess
instanceKlass org/openqa/selenium/os/CommandLine
instanceKlass java/net/InetAddress$CacheEntry
instanceKlass sun/net/InetAddressCachePolicy$2
instanceKlass sun/net/InetAddressCachePolicy$1
instanceKlass sun/net/InetAddressCachePolicy
instanceKlass org/openqa/selenium/net/FixedIANAPortRange
instanceKlass java/util/concurrent/Callable
instanceKlass org/openqa/selenium/net/EphemeralPortRangeDetector
instanceKlass org/openqa/selenium/net/PortProber
instanceKlass org/openqa/selenium/remote/service/DriverService$Builder
instanceKlass org/openqa/selenium/remote/service/DriverService
instanceKlass org/openqa/selenium/WebDriver$Navigation
instanceKlass org/openqa/selenium/WebDriver$TargetLocator
instanceKlass org/openqa/selenium/WebDriver$Options
instanceKlass org/openqa/selenium/interactions/Mouse
instanceKlass org/openqa/selenium/interactions/Keyboard
instanceKlass org/openqa/selenium/logging/Logs
instanceKlass org/openqa/selenium/remote/ExecuteMethod
instanceKlass org/openqa/selenium/remote/FileDetector
instanceKlass org/openqa/selenium/remote/CommandExecutor
instanceKlass org/openqa/selenium/remote/RemoteWebDriver
instanceKlass org/openqa/selenium/HasCapabilities
instanceKlass org/openqa/selenium/interactions/HasInputDevices
instanceKlass org/openqa/selenium/internal/FindsByXPath
instanceKlass org/openqa/selenium/internal/FindsByTagName
instanceKlass org/openqa/selenium/internal/FindsByCssSelector
instanceKlass org/openqa/selenium/internal/FindsByName
instanceKlass org/openqa/selenium/internal/FindsByLinkText
instanceKlass org/openqa/selenium/internal/FindsByClassName
instanceKlass org/openqa/selenium/internal/FindsById
instanceKlass org/openqa/selenium/JavascriptExecutor
instanceKlass org/openqa/selenium/html5/WebStorage
instanceKlass org/openqa/selenium/html5/LocationContext
instanceKlass java/util/Collections$UnmodifiableMap$UnmodifiableEntrySet$UnmodifiableEntry
instanceKlass java/util/Collections$UnmodifiableMap$UnmodifiableEntrySet$1
instanceKlass com/google/common/collect/ObjectArrays
instanceKlass com/google/common/base/Joiner$MapJoiner
instanceKlass com/google/common/base/Preconditions
instanceKlass com/google/common/base/Joiner
instanceKlass com/google/common/collect/Multiset
instanceKlass com/google/common/collect/Collections2
instanceKlass com/google/common/base/Converter
instanceKlass com/google/common/collect/SortedMapDifference
instanceKlass com/google/common/collect/MapDifference
instanceKlass com/google/common/collect/ImmutableMap
instanceKlass com/google/common/collect/UnmodifiableIterator
instanceKlass com/google/common/collect/Maps$EntryTransformer
instanceKlass com/google/common/collect/BiMap
instanceKlass com/google/common/collect/Maps
instanceKlass com/google/common/collect/Lists
instanceKlass org/openqa/selenium/chrome/ChromeOptions
instanceKlass Autotest/common/utils/BellWebDriverProvider$1
instanceKlass Autotest/common/utils/BellWebDriverProvider
instanceKlass com/codeborne/selenide/WebDriverProvider
instanceKlass org/openqa/selenium/remote/DesiredCapabilities
instanceKlass com/codeborne/selenide/Configuration
instanceKlass java/util/Formattable
instanceKlass java/util/Formatter$Conversion
instanceKlass java/util/Formatter$FixedString
instanceKlass java/util/Formatter$DateTime
instanceKlass java/util/Formatter$Flags
instanceKlass java/util/Formatter$FormatSpecifier
instanceKlass java/util/Formatter$FormatString
instanceKlass java/util/Formatter
instanceKlass sun/util/logging/LoggingSupport$2
instanceKlass java/util/logging/ErrorManager
instanceKlass java/util/logging/LogRecord
instanceKlass java/util/concurrent/ConcurrentLinkedQueue$Node
instanceKlass com/codeborne/selenide/webdriver/WebDriverFactory
instanceKlass org/openqa/selenium/WebDriver
instanceKlass com/codeborne/selenide/impl/WebDriverThreadLocalContainer
instanceKlass com/codeborne/selenide/impl/WebDriverContainer
instanceKlass com/codeborne/selenide/WebDriverRunner
instanceKlass Autotest/common/utils/NTFileProcessor
instanceKlass ru/yandex/qatools/allure/model/TestSuiteResult
instanceKlass ru/yandex/qatools/allure/model/Label
instanceKlass javax/xml/transform/Source
instanceKlass ru/yandex/qatools/allure/config/AllureModelUtils
instanceKlass org/jvnet/jaxb2_commons/locator/ObjectLocator
instanceKlass org/jvnet/jaxb2_commons/i18n/Reportable
instanceKlass javax/xml/bind/ValidationEventLocator
instanceKlass ru/yandex/qatools/allure/events/AbstractTestSuiteStartedEvent
instanceKlass org/jvnet/jaxb2_commons/lang/HashCode
instanceKlass org/jvnet/jaxb2_commons/lang/Equals
instanceKlass Autotest/common/retry/AbstractAllureRetryAnalyzer
instanceKlass Autotest/common/retry/IAllureRetryAnalyzer
instanceKlass org/openqa/selenium/internal/BuildInfo
instanceKlass org/testng/IConfigureCallBack
instanceKlass org/testng/IHookCallBack
instanceKlass org/testng/internal/MethodInvocationHelper
instanceKlass org/testng/Reporter
instanceKlass org/testng/MapSerializerUtil$1
instanceKlass org/testng/MapSerializerUtil$EscapeInfoProvider
instanceKlass org/testng/MapSerializerUtil
instanceKlass org/testng/IDEATestNGRemoteListener$DelegatedResult
instanceKlass org/testng/IInvokedMethodListener2
instanceKlass org/testng/internal/invokers/InvokedMethodListenerInvoker$InvokeAfterInvocationWithoutContextStrategy
instanceKlass org/testng/internal/invokers/InvokedMethodListenerInvoker$InvokeBeforeInvocationWithoutContextStrategy
instanceKlass org/testng/internal/invokers/InvokedMethodListenerInvoker$InvokeAfterInvocationWithContextStrategy
instanceKlass org/testng/internal/invokers/InvokedMethodListenerInvoker$InvokeBeforeInvocationWithContextStrategy
instanceKlass org/testng/internal/invokers/InvokedMethodListenerInvoker$InvocationStrategy
instanceKlass org/testng/internal/invokers/InvokedMethodListenerInvoker
instanceKlass org/testng/internal/InvokedMethod
instanceKlass org/testng/internal/thread/IExecutor
instanceKlass org/testng/internal/thread/IThreadFactory
instanceKlass java/util/concurrent/ExecutorService
instanceKlass java/util/concurrent/Executor
instanceKlass java/util/concurrent/ThreadFactory
instanceKlass org/testng/internal/thread/ThreadUtil
instanceKlass org/testng/internal/Parameters$MethodParameters
instanceKlass org/testng/internal/Parameters
instanceKlass org/testng/internal/TestResult
instanceKlass org/testng/SuiteRunnerWorker
instanceKlass org/testng/internal/thread/graph/IWorker
instanceKlass org/testng/ITestNGListenerFactory
instanceKlass org/testng/internal/annotations/ListenersAnnotation
instanceKlass org/testng/internal/annotations/IListeners
instanceKlass org/testng/TestRunner$ListenerHolder
instanceKlass org/testng/internal/ConfigurationGroupMethods
instanceKlass org/testng/ClassMethodMap
instanceKlass org/testng/internal/DefaultMethodSelectorContext
instanceKlass org/testng/internal/Graph$Node
instanceKlass org/testng/internal/Graph
instanceKlass org/testng/internal/MethodInheritance
instanceKlass org/testng/internal/MethodGroupsHelper
instanceKlass org/testng/internal/MethodHelper
instanceKlass org/testng/IAnnotationTransformer2
instanceKlass org/testng/internal/ConstructorOrMethod
instanceKlass org/testng/internal/TestNGMethod$1
instanceKlass org/testng/internal/BaseTestMethod$1
instanceKlass org/testng/internal/BaseTestMethod
instanceKlass java/lang/reflect/WeakCache$LookupValue
instanceKlass sun/reflect/annotation/AnnotationInvocationHandler$1
instanceKlass org/testng/ITest
instanceKlass org/testng/collections/Objects$ValueHolder
instanceKlass org/testng/collections/Objects$ToStringHelper
instanceKlass org/testng/collections/Objects
instanceKlass org/testng/internal/NoOpTestClass
instanceKlass org/testng/ITestClass
instanceKlass org/testng/internal/TestNGMethodFinder
instanceKlass Autotest/common/converters/ByConverter
instanceKlass org/openqa/selenium/By
instanceKlass ru/yandex/qatools/properties/utils/PropertiesUtils
instanceKlass Autotest/common/properties/DefaultPropertyProviderStatic
instanceKlass org/aspectj/runtime/reflect/SourceLocationImpl
instanceKlass org/aspectj/runtime/reflect/JoinPointImpl$StaticPartImpl
instanceKlass org/aspectj/runtime/reflect/SignatureImpl$Cache
instanceKlass org/aspectj/lang/JoinPoint$EnclosingStaticPart
instanceKlass org/aspectj/lang/JoinPoint
instanceKlass org/aspectj/lang/reflect/CatchClauseSignature
instanceKlass org/aspectj/lang/reflect/InitializerSignature
instanceKlass org/aspectj/lang/reflect/UnlockSignature
instanceKlass org/aspectj/lang/reflect/LockSignature
instanceKlass org/aspectj/lang/reflect/AdviceSignature
instanceKlass org/aspectj/lang/reflect/FieldSignature
instanceKlass org/aspectj/lang/JoinPoint$StaticPart
instanceKlass org/aspectj/lang/reflect/ConstructorSignature
instanceKlass org/aspectj/runtime/reflect/SignatureImpl
instanceKlass org/aspectj/lang/reflect/MethodSignature
instanceKlass org/aspectj/lang/reflect/CodeSignature
instanceKlass org/aspectj/lang/reflect/MemberSignature
instanceKlass org/aspectj/lang/reflect/SourceLocation
instanceKlass org/aspectj/runtime/reflect/Factory
instanceKlass Autotest/common/utils/AuthThread
instanceKlass org/openqa/selenium/Dimension
instanceKlass org/openqa/selenium/Point
instanceKlass com/codeborne/selenide/impl/Navigator
instanceKlass org/aspectj/lang/Signature
instanceKlass com/google/common/base/Function
instanceKlass org/openqa/selenium/WebElement
instanceKlass org/openqa/selenium/TakesScreenshot
instanceKlass org/openqa/selenium/Capabilities
instanceKlass org/openqa/selenium/support/pagefactory/FieldDecorator
instanceKlass com/codeborne/selenide/impl/WebElementsCollection
instanceKlass org/openqa/selenium/SearchContext
instanceKlass ru/yandex/qatools/properties/annotations/Use
instanceKlass ru/yandex/qatools/properties/annotations/Property
instanceKlass com/codeborne/selenide/Selenide
instanceKlass java/util/AbstractList$1
instanceKlass aj/org/objectweb/asm/Edge
instanceKlass aj/org/objectweb/asm/Handler
instanceKlass aj/org/objectweb/asm/Frame
instanceKlass aj/org/objectweb/asm/Label
instanceKlass aj/org/objectweb/asm/Type
instanceKlass aj/org/objectweb/asm/Context
instanceKlass aj/org/objectweb/asm/Item
instanceKlass aj/org/objectweb/asm/ByteVector
instanceKlass aj/org/objectweb/asm/FieldVisitor
instanceKlass aj/org/objectweb/asm/MethodVisitor
instanceKlass aj/org/objectweb/asm/AnnotationVisitor
instanceKlass org/aspectj/weaver/bcel/asm/StackMapAdder
instanceKlass aj/org/objectweb/asm/Attribute
instanceKlass aj/org/objectweb/asm/ClassVisitor
instanceKlass aj/org/objectweb/asm/ClassReader
instanceKlass org/aspectj/weaver/bcel/asm/AsmDetector
instanceKlass org/aspectj/apache/bcel/generic/MethodGen$BranchTarget
instanceKlass org/aspectj/apache/bcel/generic/MethodGen$BranchStack
instanceKlass org/aspectj/apache/bcel/generic/LocalVariableGen
instanceKlass org/aspectj/apache/bcel/generic/LineNumberGen
instanceKlass org/aspectj/weaver/bcel/LazyMethodGen$LVPosition
instanceKlass org/aspectj/weaver/NameMangler
instanceKlass org/aspectj/weaver/SignatureUtils
instanceKlass org/aspectj/weaver/bcel/LazyClassGen$1
instanceKlass java/util/Currency$CurrencyNameGetter
instanceKlass sun/util/locale/LanguageTag
instanceKlass java/util/Locale$1
instanceKlass org/aspectj/bridge/Version
instanceKlass org/aspectj/weaver/bcel/BcelConstantPoolWriter
instanceKlass org/aspectj/weaver/bcel/BcelClassWeaver$1
instanceKlass org/aspectj/weaver/bcel/BcelRenderer
instanceKlass org/aspectj/weaver/ast/IExprVisitor
instanceKlass org/aspectj/weaver/ast/ITestVisitor
instanceKlass org/aspectj/weaver/patterns/ExposedState
instanceKlass org/aspectj/weaver/World$AspectPrecedenceCalculator$PrecedenceCacheKey
instanceKlass java/util/WeakHashMap$HashIterator
instanceKlass org/apache/commons/beanutils/BeanUtils
instanceKlass org/apache/commons/beanutils/PropertyUtils
instanceKlass org/apache/commons/beanutils/expression/DefaultResolver
instanceKlass org/apache/commons/beanutils/expression/Resolver
instanceKlass org/apache/commons/beanutils/PropertyUtilsBean
instanceKlass org/apache/commons/beanutils/converters/ConverterFacade
instanceKlass org/apache/commons/beanutils/converters/AbstractConverter
instanceKlass org/apache/commons/logging/impl/Jdk14Logger
instanceKlass org/apache/commons/logging/impl/Log4JLogger
instanceKlass org/apache/commons/logging/Log
instanceKlass org/apache/commons/logging/impl/LogFactoryImpl$1
instanceKlass org/apache/commons/logging/impl/LogFactoryImpl$2
instanceKlass org/apache/commons/logging/LogFactory$2
instanceKlass org/apache/commons/logging/LogFactory$3
instanceKlass org/apache/commons/logging/LogFactory$4
instanceKlass org/apache/commons/logging/impl/WeakHashtable$Referenced
instanceKlass org/apache/commons/logging/LogFactory$1
instanceKlass org/apache/commons/logging/LogFactory$6
instanceKlass org/apache/commons/logging/LogFactory
instanceKlass org/apache/commons/beanutils/ConvertUtils
instanceKlass org/apache/commons/beanutils/ConvertUtilsBean
instanceKlass org/apache/commons/beanutils/ContextClassLoaderLocal
instanceKlass org/apache/commons/beanutils/DynaBean
instanceKlass org/apache/commons/beanutils/DynaClass
instanceKlass java/beans/FeatureDescriptor
instanceKlass org/apache/commons/beanutils/DynaProperty
instanceKlass org/apache/commons/beanutils/BeanUtilsBean
instanceKlass org/apache/commons/beanutils/Converter
instanceKlass ru/yandex/qatools/properties/decorators/DefaultFieldDecorator
instanceKlass ru/yandex/qatools/properties/annotations/Resource$File
instanceKlass java/util/TreeMap$NavigableSubMap$SubMapIterator
instanceKlass java/util/Spliterator
instanceKlass org/apache/poi/xssf/usermodel/XSSFRichTextString
instanceKlass org/apache/xmlbeans/StringEnumAbstractBase$Table
instanceKlass org/openxmlformats/schemas/spreadsheetml/x2006/main/STCellType
instanceKlass org/apache/xmlbeans/impl/schema/SchemaStringEnumEntryImpl
instanceKlass org/apache/xmlbeans/SchemaStringEnumEntry
instanceKlass org/apache/poi/util/LittleEndianOutput
instanceKlass org/apache/poi/ss/util/CellRangeAddressBase
instanceKlass org/openxmlformats/schemas/spreadsheetml/x2006/main/STRef
instanceKlass org/openxmlformats/schemas/spreadsheetml/x2006/main/CTMergeCell
instanceKlass org/openxmlformats/schemas/spreadsheetml/x2006/main/CTMergeCells
instanceKlass Autotest/common/properties/ExcelParser$1
instanceKlass org/testng/internal/junit/ArrayAsserts
instanceKlass org/apache/poi/xssf/usermodel/XSSFName
instanceKlass org/openxmlformats/schemas/spreadsheetml/x2006/main/CTDefinedName
instanceKlass org/openxmlformats/schemas/spreadsheetml/x2006/main/STFormula
instanceKlass org/openxmlformats/schemas/spreadsheetml/x2006/main/STXstring
instanceKlass org/openxmlformats/schemas/spreadsheetml/x2006/main/CTDefinedNames
instanceKlass org/apache/xmlbeans/impl/common/Mutex
instanceKlass org/apache/xmlbeans/impl/common/GlobalLock
instanceKlass org/apache/poi/xssf/util/CTColComparator$2
instanceKlass org/apache/poi/xssf/util/CTColComparator$1
instanceKlass org/apache/poi/xssf/util/CTColComparator
instanceKlass org/apache/xmlbeans/XmlDouble
instanceKlass org/apache/xmlbeans/XmlBoolean
instanceKlass org/openxmlformats/schemas/spreadsheetml/x2006/main/CTCol
instanceKlass org/openxmlformats/schemas/spreadsheetml/x2006/main/CTCols
instanceKlass org/openxmlformats/schemas/spreadsheetml/x2006/main/CTCols$Factory
instanceKlass org/apache/poi/xssf/usermodel/helpers/ColumnHelper
instanceKlass org/apache/poi/ss/util/CellReference$CellRefParts
instanceKlass org/apache/poi/ss/util/CellReference
instanceKlass org/openxmlformats/schemas/spreadsheetml/x2006/main/STCellRef
instanceKlass org/apache/poi/ss/usermodel/Hyperlink
instanceKlass org/apache/poi/common/usermodel/Hyperlink
instanceKlass org/apache/poi/ss/formula/FormulaRenderingWorkbook
instanceKlass org/apache/poi/ss/formula/FormulaParsingWorkbook
instanceKlass org/apache/poi/ss/usermodel/RichTextString
instanceKlass org/apache/poi/xssf/usermodel/XSSFCell
instanceKlass org/openxmlformats/schemas/spreadsheetml/x2006/main/CTCell
instanceKlass org/apache/poi/xssf/usermodel/XSSFRow
instanceKlass org/openxmlformats/schemas/spreadsheetml/x2006/main/CTRow
instanceKlass org/openxmlformats/schemas/spreadsheetml/x2006/main/CTSheetData
instanceKlass org/openxmlformats/schemas/spreadsheetml/x2006/main/CTWorksheet
instanceKlass org/openxmlformats/schemas/spreadsheetml/x2006/main/WorksheetDocument
instanceKlass org/openxmlformats/schemas/spreadsheetml/x2006/main/WorksheetDocument$Factory
instanceKlass org/openxmlformats/schemas/officeDocument/x2006/relationships/STRelationshipId
instanceKlass org/apache/xmlbeans/StringEnumAbstractBase
instanceKlass org/openxmlformats/schemas/spreadsheetml/x2006/main/CTSheet
instanceKlass org/openxmlformats/schemas/spreadsheetml/x2006/main/CTSheets
instanceKlass org/openxmlformats/schemas/spreadsheetml/x2006/main/CTWorkbook
instanceKlass org/openxmlformats/schemas/spreadsheetml/x2006/main/WorkbookDocument
instanceKlass org/openxmlformats/schemas/spreadsheetml/x2006/main/WorkbookDocument$Factory
instanceKlass org/apache/xmlbeans/impl/common/XMLChar
instanceKlass org/apache/xmlbeans/impl/store/Saver$SaveCur
instanceKlass org/apache/xmlbeans/impl/store/Saver
instanceKlass org/apache/xmlbeans/XmlCursor$ChangeStamp
instanceKlass org/apache/xmlbeans/impl/store/Cursor
instanceKlass org/apache/xmlbeans/impl/store/Locale$ChangeListener
instanceKlass org/openxmlformats/schemas/spreadsheetml/x2006/main/CTRst
instanceKlass java/math/MathContext
instanceKlass org/apache/xmlbeans/impl/util/XsTypeConverter
